2564-04-01 12:59:01,584 [INFO] Activator:170 - 


2564-04-01 12:59:01,587 [INFO] Activator:171 - !SESSION log4j initialized
2564-04-01 12:59:19,063 [INFO] McuFinderGlobals:40 - Set McuFinder mode to 2 (CubeIDE integrated)
2564-04-01 12:59:19,419 [INFO] ApplicationProperties:181 - Using Application install path: C:\ST\STM32CubeIDE_1.5.1\STM32CubeIDE\plugins\com.st.stm32cube.common.mx_6.1.1.202012091304
2564-04-01 12:59:19,434 [INFO] DbMcusXml:71 - Set database path to: C:\ST\STM32CubeIDE_1.5.1\STM32CubeIDE\plugins\com.st.stm32cube.common.mx_6.1.1.202012091304\\db\/mcu/
2564-04-01 12:59:19,439 [INFO] DbBoardsPdsc:57 - Set plugin database path to: C:\ST\STM32CubeIDE_1.5.1\STM32CubeIDE\plugins\com.st.stm32cube.common.mx_6.1.1.202012091304\\db\/plugins/boardmanager/
2564-04-01 12:59:19,440 [INFO] DbMcus:259 - Set plugin images path to: C:\ST\STM32CubeIDE_1.5.1\STM32CubeIDE\plugins\com.st.stm32cube.common.mx_6.1.1.202012091304\\db\/plugins/mcufinder/images/
2564-04-01 12:59:19,440 [INFO] DbBoards:265 - Set plugin images path to: C:\ST\STM32CubeIDE_1.5.1\STM32CubeIDE\plugins\com.st.stm32cube.common.mx_6.1.1.202012091304\\db\/plugins/mcufinder/images/
2564-04-01 12:59:19,442 [INFO] DbExamples:329 - Set plugin images path to: C:\ST\STM32CubeIDE_1.5.1\STM32CubeIDE\plugins\com.st.stm32cube.common.mx_6.1.1.202012091304\\db\/plugins/mcufinder/images/
2564-04-01 12:59:19,454 [INFO] DbMcusDocs:112 - Set database path to: C:\Users\This's PC\.stmcufinder\plugins\mcufinder//mcu/
2564-04-01 12:59:19,456 [INFO] DbMcusJson:63 - Set database path to: C:\Users\This's PC\.stmcufinder\plugins\mcufinder//mcu/
2564-04-01 12:59:19,456 [INFO] DbBoardsDocs:112 - Set database path to: C:\Users\This's PC\.stmcufinder\plugins\mcufinder//mcu/
2564-04-01 12:59:19,457 [INFO] DbBoardsJson:56 - Set database path to: C:\Users\This's PC\.stmcufinder\plugins\mcufinder//mcu/
2564-04-01 12:59:19,467 [INFO] CrossReferenceDbSqlite:196 - Set database path to: C:\Users\This's PC\.stmcufinder\plugins\mcufinder//mcu/cs/
2564-04-01 12:59:19,470 [INFO] DbExamplesSqlite:699 - Set database path to: C:\Users\This's PC\.stmcufinder\plugins\mcufinder//mcu/
2564-04-01 12:59:19,580 [INFO] RulesReader:52 - Compatibility file has been processed (228 Rules)
2564-04-01 12:59:19,719 [INFO] MicroXplorer:565 - Detected Java Version = 1.8.0_272
2564-04-01 12:59:19,719 [INFO] DbMcusXml:71 - Set database path to: C:\ST\STM32CubeIDE_1.5.1\STM32CubeIDE\plugins\com.st.stm32cube.common.mx_6.1.1.202012091304\\db\/mcu/
2564-04-01 12:59:19,719 [INFO] DbBoardsPdsc:57 - Set plugin database path to: C:\ST\STM32CubeIDE_1.5.1\STM32CubeIDE\plugins\com.st.stm32cube.common.mx_6.1.1.202012091304\\db\/plugins/boardmanager/
2564-04-01 12:59:19,720 [INFO] DbMcus:259 - Set plugin images path to: C:\ST\STM32CubeIDE_1.5.1\STM32CubeIDE\plugins\com.st.stm32cube.common.mx_6.1.1.202012091304\\db\/plugins/mcufinder/images/
2564-04-01 12:59:19,720 [INFO] DbBoards:265 - Set plugin images path to: C:\ST\STM32CubeIDE_1.5.1\STM32CubeIDE\plugins\com.st.stm32cube.common.mx_6.1.1.202012091304\\db\/plugins/mcufinder/images/
2564-04-01 12:59:19,720 [INFO] DbExamples:329 - Set plugin images path to: C:\ST\STM32CubeIDE_1.5.1\STM32CubeIDE\plugins\com.st.stm32cube.common.mx_6.1.1.202012091304\\db\/plugins/mcufinder/images/
2564-04-01 12:59:19,720 [WARN] DbFile:36 - Overriding database path with different value: C:\Users\This's PC\.stmcufinder\plugins\mcufinder/ => C:\Users\This's PC\.stmcufinder\plugins\mcufinder
2564-04-01 12:59:19,720 [INFO] DbMcusDocs:112 - Set database path to: C:\Users\This's PC\.stmcufinder\plugins\mcufinder//mcu/
2564-04-01 12:59:19,720 [WARN] DbFile:36 - Overriding database path with different value: C:\Users\This's PC\.stmcufinder\plugins\mcufinder/ => C:\Users\This's PC\.stmcufinder\plugins\mcufinder
2564-04-01 12:59:19,720 [INFO] DbMcusJson:63 - Set database path to: C:\Users\This's PC\.stmcufinder\plugins\mcufinder//mcu/
2564-04-01 12:59:19,720 [WARN] DbFile:36 - Overriding database path with different value: C:\Users\This's PC\.stmcufinder\plugins\mcufinder/ => C:\Users\This's PC\.stmcufinder\plugins\mcufinder
2564-04-01 12:59:19,721 [INFO] DbBoardsDocs:112 - Set database path to: C:\Users\This's PC\.stmcufinder\plugins\mcufinder//mcu/
2564-04-01 12:59:19,721 [WARN] DbFile:36 - Overriding database path with different value: C:\Users\This's PC\.stmcufinder\plugins\mcufinder/ => C:\Users\This's PC\.stmcufinder\plugins\mcufinder
2564-04-01 12:59:19,721 [INFO] DbBoardsJson:56 - Set database path to: C:\Users\This's PC\.stmcufinder\plugins\mcufinder//mcu/
2564-04-01 12:59:19,721 [WARN] DbFile:36 - Overriding database path with different value: C:\Users\This's PC\.stmcufinder\plugins\mcufinder/ => C:\Users\This's PC\.stmcufinder\plugins\mcufinder
2564-04-01 12:59:19,721 [WARN] DbFile:36 - Overriding database path with different value: C:\Users\This's PC\.stmcufinder\plugins\mcufinder/ => C:\Users\This's PC\.stmcufinder\plugins\mcufinder
2564-04-01 12:59:19,721 [INFO] CrossReferenceDbSqlite:196 - Set database path to: C:\Users\This's PC\.stmcufinder\plugins\mcufinder//mcu/cs/
2564-04-01 12:59:19,721 [WARN] DbFile:36 - Overriding database path with different value: C:\Users\This's PC\.stmcufinder\plugins\mcufinder/ => C:\Users\This's PC\.stmcufinder\plugins\mcufinder
2564-04-01 12:59:19,721 [INFO] DbExamplesSqlite:699 - Set database path to: C:\Users\This's PC\.stmcufinder\plugins\mcufinder//mcu/
2564-04-01 12:59:19,822 [INFO] MainPanel:190 - HeapMemory: 268435456
2564-04-01 12:59:19,922 [INFO] DbMcusXml:71 - Set database path to: C:\ST\STM32CubeIDE_1.5.1\STM32CubeIDE\plugins\com.st.stm32cube.common.mx_6.1.1.202012091304\\db\/mcu/
2564-04-01 12:59:19,922 [INFO] DbBoardsPdsc:57 - Set plugin database path to: C:\ST\STM32CubeIDE_1.5.1\STM32CubeIDE\plugins\com.st.stm32cube.common.mx_6.1.1.202012091304\\db\/plugins/boardmanager/
2564-04-01 12:59:19,922 [INFO] DbMcus:259 - Set plugin images path to: C:\ST\STM32CubeIDE_1.5.1\STM32CubeIDE\plugins\com.st.stm32cube.common.mx_6.1.1.202012091304\\db\/plugins/mcufinder/images/
2564-04-01 12:59:19,922 [INFO] DbBoards:265 - Set plugin images path to: C:\ST\STM32CubeIDE_1.5.1\STM32CubeIDE\plugins\com.st.stm32cube.common.mx_6.1.1.202012091304\\db\/plugins/mcufinder/images/
2564-04-01 12:59:19,922 [INFO] DbExamples:329 - Set plugin images path to: C:\ST\STM32CubeIDE_1.5.1\STM32CubeIDE\plugins\com.st.stm32cube.common.mx_6.1.1.202012091304\\db\/plugins/mcufinder/images/
2564-04-01 12:59:19,923 [WARN] DbFile:36 - Overriding database path with different value: C:\Users\This's PC\.stmcufinder\plugins\mcufinder/ => C:\Users\This's PC\.stmcufinder\plugins\mcufinder
2564-04-01 12:59:19,923 [INFO] DbMcusDocs:112 - Set database path to: C:\Users\This's PC\.stmcufinder\plugins\mcufinder//mcu/
2564-04-01 12:59:19,923 [WARN] DbFile:36 - Overriding database path with different value: C:\Users\This's PC\.stmcufinder\plugins\mcufinder/ => C:\Users\This's PC\.stmcufinder\plugins\mcufinder
2564-04-01 12:59:19,923 [INFO] DbMcusJson:63 - Set database path to: C:\Users\This's PC\.stmcufinder\plugins\mcufinder//mcu/
2564-04-01 12:59:19,923 [WARN] DbFile:36 - Overriding database path with different value: C:\Users\This's PC\.stmcufinder\plugins\mcufinder/ => C:\Users\This's PC\.stmcufinder\plugins\mcufinder
2564-04-01 12:59:19,923 [INFO] DbBoardsDocs:112 - Set database path to: C:\Users\This's PC\.stmcufinder\plugins\mcufinder//mcu/
2564-04-01 12:59:19,923 [WARN] DbFile:36 - Overriding database path with different value: C:\Users\This's PC\.stmcufinder\plugins\mcufinder/ => C:\Users\This's PC\.stmcufinder\plugins\mcufinder
2564-04-01 12:59:19,923 [INFO] DbBoardsJson:56 - Set database path to: C:\Users\This's PC\.stmcufinder\plugins\mcufinder//mcu/
2564-04-01 12:59:19,924 [WARN] DbFile:36 - Overriding database path with different value: C:\Users\This's PC\.stmcufinder\plugins\mcufinder/ => C:\Users\This's PC\.stmcufinder\plugins\mcufinder
2564-04-01 12:59:19,924 [WARN] DbFile:36 - Overriding database path with different value: C:\Users\This's PC\.stmcufinder\plugins\mcufinder/ => C:\Users\This's PC\.stmcufinder\plugins\mcufinder
2564-04-01 12:59:19,924 [INFO] CrossReferenceDbSqlite:196 - Set database path to: C:\Users\This's PC\.stmcufinder\plugins\mcufinder//mcu/cs/
2564-04-01 12:59:19,924 [WARN] DbFile:36 - Overriding database path with different value: C:\Users\This's PC\.stmcufinder\plugins\mcufinder/ => C:\Users\This's PC\.stmcufinder\plugins\mcufinder
2564-04-01 12:59:19,924 [INFO] DbExamplesSqlite:699 - Set database path to: C:\Users\This's PC\.stmcufinder\plugins\mcufinder//mcu/
2564-04-01 12:59:19,944 [INFO] ApplicationProperties:181 - Using Application install path: C:\ST\STM32CubeIDE_1.5.1\STM32CubeIDE\plugins\com.st.stm32cube.common.mx_6.1.1.202012091304
2564-04-01 12:59:19,946 [INFO] PluginManage:178 - Search for loadable plugins [exclusion list=, ]
2564-04-01 12:59:19,947 [INFO] PluginManage:292 - Check plugin analytics
2564-04-01 12:59:20,119 [INFO] AnalyticsPlugin:225 - Accepted Software Licenses: 
2564-04-01 12:59:20,120 [INFO] AnalyticsPlugin:227 - Accepted CMSIS Pack Licenses: 
2564-04-01 12:59:20,121 [INFO] AnalyticsPlugin:229 - Accepted Firmware Licenses: 
2564-04-01 12:59:20,121 [INFO] PluginManage:342 - Loaded plugin analytics (category:tool,tabindex:-1)
2564-04-01 12:59:20,121 [INFO] PluginManage:292 - Check plugin clock
2564-04-01 12:59:20,142 [INFO] PluginManage:342 - Loaded plugin clock (category:base,tabindex:2)
2564-04-01 12:59:20,142 [INFO] PluginManage:292 - Check plugin ddr
2564-04-01 12:59:20,144 [INFO] PluginManage:342 - Loaded plugin ddr (category:tool,tabindex:6)
2564-04-01 12:59:20,144 [INFO] PluginManage:292 - Check plugin filemanager
2564-04-01 12:59:20,255 [INFO] PluginManage:342 - Loaded plugin filemanager (category:base,tabindex:10)
2564-04-01 12:59:20,258 [INFO] PluginManage:292 - Check plugin ipmanager
2564-04-01 12:59:20,271 [INFO] PluginManage:342 - Loaded plugin ipmanager (category:base,tabindex:5)
2564-04-01 12:59:20,272 [INFO] PluginManage:292 - Check plugin pinoutandconfiguration
2564-04-01 12:59:20,288 [INFO] PluginManage:342 - Loaded plugin pinoutandconfiguration (category:base,tabindex:1)
2564-04-01 12:59:20,288 [INFO] PluginManage:292 - Check plugin pinoutconfig
2564-04-01 12:59:20,320 [INFO] PluginManage:342 - Loaded plugin pinoutconfig (category:base,tabindex:0)
2564-04-01 12:59:20,320 [INFO] PluginManage:292 - Check plugin power
2564-04-01 12:59:20,348 [INFO] PluginManage:342 - Loaded plugin power (category:power,tabindex:4)
2564-04-01 12:59:20,348 [INFO] PluginManage:292 - Check plugin projectmanager
2564-04-01 12:59:20,364 [INFO] PluginManage:342 - Loaded plugin projectmanager (category:projectmanager,tabindex:3)
2564-04-01 12:59:20,365 [INFO] PluginManage:292 - Check plugin thirdparty
2564-04-01 12:59:20,583 [INFO] PluginManage:342 - Loaded plugin thirdparty (category:base,tabindex:-1)
2564-04-01 12:59:20,583 [INFO] PluginManage:292 - Check plugin tools
2564-04-01 12:59:20,583 [WARN] IntegrityCheckThread:59 - waiting for thirdparty lock release [integrity check]
2564-04-01 12:59:20,584 [INFO] IntegrityCheckThread:61 - entering critical section [integrity check]
2564-04-01 12:59:20,584 [INFO] ThirdPartyUpdaterWithRetryManager:56 - Updater plugin not ready yet. [1/15]
2564-04-01 12:59:20,627 [INFO] PluginManage:342 - Loaded plugin tools (category:base,tabindex:7)
2564-04-01 12:59:20,627 [INFO] PluginManage:292 - Check plugin tutovideos
2564-04-01 12:59:20,837 [INFO] PluginManage:342 - Loaded plugin tutovideos (category:base,tabindex:-1)
2564-04-01 12:59:20,837 [INFO] PluginManage:292 - Check plugin updater
2564-04-01 12:59:20,849 [INFO] PluginManage:342 - Loaded plugin updater (category:base,tabindex:12)
2564-04-01 12:59:20,850 [INFO] PluginManage:265 - PluginManage : Loaded plugins [13]
2564-04-01 12:59:21,078 [INFO] PinOutPanel:1434 - setPackage(No Configuration,No Configuration)
2564-04-01 12:59:21,217 [INFO] IPUIPlugin:64 - create IPUIPlugin
2564-04-01 12:59:21,218 [INFO] PluginManager:203 - loadIPPluginJar : add adc
2564-04-01 12:59:21,245 [INFO] IPUIPlugin:64 - create IPUIPlugin
2564-04-01 12:59:21,245 [INFO] PluginManager:203 - loadIPPluginJar : add aes
2564-04-01 12:59:21,279 [INFO] IPUIPlugin:64 - create IPUIPlugin
2564-04-01 12:59:21,280 [INFO] PluginManager:203 - loadIPPluginJar : add can
2564-04-01 12:59:21,302 [INFO] IPUIPlugin:64 - create IPUIPlugin
2564-04-01 12:59:21,302 [INFO] PluginManager:203 - loadIPPluginJar : add comp
2564-04-01 12:59:21,328 [INFO] IPUIPlugin:64 - create IPUIPlugin
2564-04-01 12:59:21,329 [INFO] PluginManager:203 - loadIPPluginJar : add cryp
2564-04-01 12:59:21,358 [INFO] IPUIPlugin:64 - create IPUIPlugin
2564-04-01 12:59:21,358 [INFO] PluginManager:203 - loadIPPluginJar : add dfsdm
2564-04-01 12:59:21,371 [INFO] IPUIPlugin:64 - create IPUIPlugin
2564-04-01 12:59:21,372 [INFO] PluginManager:203 - loadIPPluginJar : add dma
2564-04-01 12:59:21,393 [INFO] IPUIPlugin:64 - create IPUIPlugin
2564-04-01 12:59:21,393 [INFO] PluginManager:203 - loadIPPluginJar : add fatfs
2564-04-01 12:59:21,434 [INFO] IPUIPlugin:64 - create IPUIPlugin
2564-04-01 12:59:21,434 [INFO] PluginManager:203 - loadIPPluginJar : add fmc
2564-04-01 12:59:21,448 [INFO] IPUIPlugin:64 - create IPUIPlugin
2564-04-01 12:59:21,449 [INFO] PluginManager:203 - loadIPPluginJar : add freertos
2564-04-01 12:59:21,471 [INFO] IPUIPlugin:64 - create IPUIPlugin
2564-04-01 12:59:21,471 [INFO] PluginManager:203 - loadIPPluginJar : add genericplugin
2564-04-01 12:59:21,535 [INFO] IPUIPlugin:64 - create IPUIPlugin
2564-04-01 12:59:21,535 [INFO] PluginManager:203 - loadIPPluginJar : add gfxmmu
2564-04-01 12:59:21,622 [INFO] IPUIPlugin:64 - create IPUIPlugin
2564-04-01 12:59:21,623 [INFO] PluginManager:203 - loadIPPluginJar : add gic
2564-04-01 12:59:21,637 [INFO] IPUIPlugin:64 - create IPUIPlugin
2564-04-01 12:59:21,638 [INFO] PluginManager:203 - loadIPPluginJar : add gpio
2564-04-01 12:59:21,689 [INFO] IPUIPlugin:64 - create IPUIPlugin
2564-04-01 12:59:21,689 [INFO] PluginManager:203 - loadIPPluginJar : add gtzc
2564-04-01 12:59:21,719 [INFO] IPUIPlugin:64 - create IPUIPlugin
2564-04-01 12:59:21,719 [INFO] PluginManager:203 - loadIPPluginJar : add hash
2564-04-01 12:59:21,759 [INFO] IPUIPlugin:64 - create IPUIPlugin
2564-04-01 12:59:21,759 [INFO] PluginManager:203 - loadIPPluginJar : add i2c
2564-04-01 12:59:21,793 [INFO] IPUIPlugin:64 - create IPUIPlugin
2564-04-01 12:59:21,793 [INFO] PluginManager:203 - loadIPPluginJar : add i2s
2564-04-01 12:59:21,804 [INFO] IPUIPlugin:64 - create IPUIPlugin
2564-04-01 12:59:21,804 [INFO] PluginManager:203 - loadIPPluginJar : add ipddr
2564-04-01 12:59:21,834 [INFO] IPUIPlugin:64 - create IPUIPlugin
2564-04-01 12:59:21,835 [INFO] PluginManager:203 - loadIPPluginJar : add lorawan
2564-04-01 12:59:21,864 [INFO] IPUIPlugin:64 - create IPUIPlugin
2564-04-01 12:59:21,864 [INFO] PluginManager:203 - loadIPPluginJar : add ltdc
2564-04-01 12:59:21,876 [INFO] IPUIPlugin:64 - create IPUIPlugin
2564-04-01 12:59:21,876 [INFO] PluginManager:203 - loadIPPluginJar : add mdma
2564-04-01 12:59:21,886 [INFO] IPUIPlugin:64 - create IPUIPlugin
2564-04-01 12:59:21,887 [INFO] PluginManager:203 - loadIPPluginJar : add nvic
2564-04-01 12:59:21,916 [INFO] IPUIPlugin:64 - create IPUIPlugin
2564-04-01 12:59:21,917 [INFO] PluginManager:203 - loadIPPluginJar : add opamp
2564-04-01 12:59:21,964 [INFO] IPUIPlugin:64 - create IPUIPlugin
2564-04-01 12:59:21,965 [INFO] PluginManager:203 - loadIPPluginJar : add openamp
2564-04-01 12:59:21,998 [INFO] IPUIPlugin:64 - create IPUIPlugin
2564-04-01 12:59:21,998 [INFO] PluginManager:203 - loadIPPluginJar : add pdm2pcm
2564-04-01 12:59:22,012 [INFO] IPUIPlugin:64 - create IPUIPlugin
2564-04-01 12:59:22,014 [INFO] PluginManager:203 - loadIPPluginJar : add plateformsettings
2564-04-01 12:59:22,036 [INFO] IPUIPlugin:64 - create IPUIPlugin
2564-04-01 12:59:22,036 [INFO] PluginManager:203 - loadIPPluginJar : add quadspi
2564-04-01 12:59:22,046 [INFO] IPUIPlugin:64 - create IPUIPlugin
2564-04-01 12:59:22,046 [INFO] PluginManager:203 - loadIPPluginJar : add resmgrutility
2564-04-01 12:59:22,086 [INFO] IPUIPlugin:64 - create IPUIPlugin
2564-04-01 12:59:22,087 [INFO] PluginManager:203 - loadIPPluginJar : add sai
2564-04-01 12:59:22,118 [INFO] IPUIPlugin:64 - create IPUIPlugin
2564-04-01 12:59:22,118 [INFO] PluginManager:203 - loadIPPluginJar : add spi
2564-04-01 12:59:22,158 [INFO] IPUIPlugin:64 - create IPUIPlugin
2564-04-01 12:59:22,159 [INFO] PluginManager:203 - loadIPPluginJar : add stm32_wpan
2564-04-01 12:59:22,182 [INFO] IPUIPlugin:64 - create IPUIPlugin
2564-04-01 12:59:22,182 [INFO] PluginManager:203 - loadIPPluginJar : add tim
2564-04-01 12:59:22,230 [INFO] IPUIPlugin:64 - create IPUIPlugin
2564-04-01 12:59:22,231 [INFO] PluginManager:203 - loadIPPluginJar : add touchsensing
2564-04-01 12:59:22,253 [INFO] IPUIPlugin:64 - create IPUIPlugin
2564-04-01 12:59:22,253 [INFO] PluginManager:203 - loadIPPluginJar : add tracer_emb
2564-04-01 12:59:22,276 [INFO] IPUIPlugin:64 - create IPUIPlugin
2564-04-01 12:59:22,277 [INFO] PluginManager:203 - loadIPPluginJar : add ts
2564-04-01 12:59:22,298 [INFO] IPUIPlugin:64 - create IPUIPlugin
2564-04-01 12:59:22,299 [INFO] PluginManager:203 - loadIPPluginJar : add tsc
2564-04-01 12:59:22,320 [INFO] IPUIPlugin:64 - create IPUIPlugin
2564-04-01 12:59:22,320 [INFO] PluginManager:203 - loadIPPluginJar : add ucpd
2564-04-01 12:59:22,357 [INFO] IPUIPlugin:64 - create IPUIPlugin
2564-04-01 12:59:22,357 [INFO] PluginManager:203 - loadIPPluginJar : add usart
2564-04-01 12:59:22,665 [FATAL] Updater:284 - Updater called before beeing initialized
2564-04-01 12:59:22,794 [FATAL] Updater:284 - Updater called before beeing initialized
2564-04-01 12:59:22,844 [WARN] DetailPanel:347 - Failed to get advertising image, set to default
2564-04-01 12:59:22,847 [FATAL] Updater:284 - Updater called before beeing initialized
2564-04-01 12:59:22,847 [WARN] DetailPanel:347 - Failed to get advertising image, set to default
2564-04-01 12:59:22,896 [FATAL] Updater:284 - Updater called before beeing initialized
2564-04-01 12:59:22,896 [WARN] ThirdParty:783 - waiting for thirdparty lock release [close project]
2564-04-01 12:59:23,593 [INFO] ThirdPartyUpdaterWithRetryManager:56 - Updater plugin not ready yet. [2/15]
2564-04-01 12:59:26,604 [FATAL] Updater:284 - Updater called before beeing initialized
2564-04-01 12:59:26,604 [ERROR] AbstractThirdPartyUpdaterManager:153 - java.lang.Integer cannot be cast to java.util.List
2564-04-01 12:59:26,604 [INFO] ThirdParty:887 - Integrity check success = false
2564-04-01 12:59:26,604 [INFO] IntegrityCheckThread:75 - exiting critical section [integrity check]
2564-04-01 12:59:26,604 [INFO] IntegrityCheckThread:78 - End integrity checks thread
2564-04-01 12:59:26,605 [INFO] ThirdParty:785 - entering critical section [close project]
2564-04-01 12:59:26,606 [INFO] ThirdParty:796 - exiting critical section [close project]
2564-04-01 12:59:26,609 [INFO] PinOutPanel:1434 - setPackage(No Configuration,No Configuration)
2564-04-01 12:59:26,610 [FATAL] Updater:284 - Updater called before beeing initialized
2564-04-01 12:59:26,621 [ERROR] Updater:1065 - MainUpdater not yet initialized. External WinMGr cannot be set.
2564-04-01 12:59:26,630 [INFO] Updater:1002 - Updater Version found : 6.1.1
2564-04-01 12:59:26,649 [INFO] ApplicationProperties:181 - Using Application install path: C:\ST\STM32CubeIDE_1.5.1\STM32CubeIDE\plugins\com.st.stm32cube.common.mx_6.1.1.202012091304
2564-04-01 12:59:26,869 [INFO] MainUpdater:2644 - connection check result : 10
2564-04-01 12:59:26,869 [INFO] MainUpdater:3332 - Updater definition file requires update
2564-04-01 12:59:26,871 [INFO] MainUpdater:249 - Updater Check For Update Now.
2564-04-01 12:59:26,872 [INFO] MicroXplorer:415 - Change Database Version : DB.6.0.10
2564-04-01 12:59:26,946 [INFO] ServerAccessManage:348 - Download File updaters.zip
2564-04-01 12:59:27,227 [INFO] FileExtend:225 - Unzip File : updaters.zip
2564-04-01 12:59:27,227 [INFO] FileExtend:240 - Standard Zip Deflate
2564-04-01 12:59:28,076 [INFO] RetryExec:97 - I/O exception (org.apache.http.NoHttpResponseException) caught when processing request to {}->http://sw-center.st.com:80: The target server failed to respond
2564-04-01 12:59:28,078 [INFO] RetryExec:113 - Retrying request to {}->http://sw-center.st.com:80
2564-04-01 12:59:28,496 [INFO] RetryExec:97 - I/O exception (org.apache.http.NoHttpResponseException) caught when processing request to {}->http://sw-center.st.com:80: The target server failed to respond
2564-04-01 12:59:28,496 [INFO] RetryExec:113 - Retrying request to {}->http://sw-center.st.com:80
2564-04-01 12:59:28,701 [INFO] ServerAccessManage:348 - Download File PacksControlFlags.xml
2564-04-01 12:59:28,864 [INFO] ServerAccessManage:348 - Download File cubemx.pidx
2564-04-01 12:59:29,019 [INFO] RetryExec:97 - I/O exception (org.apache.http.NoHttpResponseException) caught when processing request to {}->http://sw-center.st.com:80: The target server failed to respond
2564-04-01 12:59:29,020 [INFO] RetryExec:113 - Retrying request to {}->http://sw-center.st.com:80
2564-04-01 12:59:29,282 [INFO] ServerAccessManage:348 - Download File STMicroelectronics.X-CUBE-MEMS1.pdsc
2564-04-01 12:59:29,467 [INFO] RetryExec:97 - I/O exception (org.apache.http.NoHttpResponseException) caught when processing request to {}->http://sw-center.st.com:80: The target server failed to respond
2564-04-01 12:59:29,467 [INFO] RetryExec:113 - Retrying request to {}->http://sw-center.st.com:80
2564-04-01 12:59:30,764 [INFO] ServerAccessManage:348 - Download File STMicroelectronics.X-CUBE-TOF1.pdsc
2564-04-01 12:59:31,296 [INFO] CheckServerUpdateThread:102 - End of CheckServer Thread
2564-04-01 12:59:31,389 [INFO] MainUpdater:2644 - connection check result : 10
2564-04-01 12:59:31,496 [INFO] PopulateThirdPartyThread:50 - Ending populate Thread
2564-04-01 12:59:31,498 [INFO] ThirdParty:939 - CMSIS Pack Vendor :STMicroelectronics X-CUBE-MEMS1 8.3.0
2564-04-01 12:59:31,498 [INFO] ThirdParty:939 - CMSIS Pack Vendor :STMicroelectronics X-CUBE-TOF1 1.0.0
2564-04-01 12:59:31,498 [INFO] LoadServerUpdatesThread:329 - End of LoadServerUpdate Thread
2564-04-01 12:59:31,873 [INFO] CrossSelectorPresenter:1330 - Cross Selector saved comparison directory: C:\Users\This's PC\.stmcufinder\plugins\mcufinder\mcu\cs_comparisons_mx
2564-04-01 12:59:31,878 [INFO] MultiScanPanel:198 - Auto-refresh data requested => check proxy status ongoing
2564-04-01 12:59:31,882 [INFO] FinderPluginLoader:87 - Searching for filters in installed packs
2564-04-01 12:59:31,883 [INFO] DbMcusXml:97 - Load MCU database from C:\ST\STM32CubeIDE_1.5.1\STM32CubeIDE\plugins\com.st.stm32cube.common.mx_6.1.1.202012091304\\db\/mcu/families.xml
2564-04-01 12:59:32,345 [INFO] DbMcusJson:92 - JSON generation date=Mon Feb 08 20:35:07 ICT 2021 (1612791307)
2564-04-01 12:59:32,847 [INFO] DbMcus:176 - Found 1835 MCUs (1796 are supported by CubeMX, 1804 are visible in CubeMX)
2564-04-01 12:59:32,855 [INFO] ApiDb:238 - Load user favorites file C:\Users\This's PC/.stm32cubeide/favorites.mcus.txt: 0 item(s)
2564-04-01 12:59:32,855 [INFO] ApiDb:242 - User favorites MCUs=[]
2564-04-01 12:59:32,856 [INFO] DbMcus:188 - Set 0 / 0 favorites MCUs
2564-04-01 12:59:33,249 [WARN] DetailPanel:347 - Failed to get advertising image, set to default
2564-04-01 12:59:33,445 [INFO] McuFilterPanel:245 - Update 0 favorites MCUs
2564-04-01 12:59:33,529 [INFO] DbBoardsPdsc:91 - Found 24 items
2564-04-01 12:59:33,538 [INFO] DbBoardsPdsc:91 - Found 9 items
2564-04-01 12:59:33,548 [INFO] DbBoardsPdsc:91 - Found 32 items
2564-04-01 12:59:33,558 [INFO] DbBoardsPdsc:91 - Found 1 items
2564-04-01 12:59:33,570 [INFO] DbBoardsPdsc:91 - Found 45 items
2564-04-01 12:59:33,582 [INFO] DbBoardsPdsc:91 - Found 41 items
2564-04-01 12:59:33,591 [INFO] DbBoardsPdsc:91 - Found 2 items
2564-04-01 12:59:33,600 [INFO] DbBoardsPdsc:91 - Found 4 items
2564-04-01 12:59:33,604 [WARN] DbBoardsPdsc:255 - Board STM32H7B3I-DK: unknown feature type=Audio, name=, username=Audio stereo codec with Headphone Amp (CS42L51-CNZ), n=1
2564-04-01 12:59:33,604 [WARN] DbBoardsPdsc:255 - Board STM32H735G-DK: unknown feature type=Audio, name=, username=Audio stereo codec with Headphone Amp (WM8994ECS/R), n=1
2564-04-01 12:59:33,606 [WARN] DbBoardsPdsc:255 - Board STM32H7B3I-EVAL: unknown feature type=Audio, name=, username=Multi-Channel Audio Codec (CS42L51-CNZ), n=1
2564-04-01 12:59:33,606 [WARN] DbBoardsPdsc:255 - Board STM32H7B3I-EVAL: unknown feature type=Meter, name=, username=Power-metering and Temperature-monitoring with sigma-delta modulators, n=1
2564-04-01 12:59:33,606 [WARN] DbBoardsPdsc:255 - Board STM32H7B3I-EVAL: unknown feature type=Motor, name=, username=Motor Control, n=1
2564-04-01 12:59:33,623 [INFO] DbBoardsJson:85 - JSON generation date=Thu Nov 05 21:55:26 ICT 2020 (1604588126)
2564-04-01 12:59:33,627 [INFO] DbBoards:118 - Found 158 boards (155 are supported by CubeMX)
2564-04-01 12:59:33,656 [INFO] DbBoardsDocs:145 - JSON generation date=Thu Nov 05 23:05:07 ICT 2020 (1604592307)
2564-04-01 12:59:33,670 [INFO] DbBoardsDocs:81 - Found 190 boards documents
2564-04-01 12:59:33,670 [WARN] DbBoards:128 - board B-L462E-CELL1 has no document id list !
2564-04-01 12:59:33,670 [WARN] DbBoards:128 - board B-L475E-IOT01A2 has no document id list !
2564-04-01 12:59:33,671 [WARN] DbBoards:128 - board NUCLEO-G0B1RE has no document id list !
2564-04-01 12:59:33,671 [WARN] DbBoards:128 - board NUCLEO-G491RE has no document id list !
2564-04-01 12:59:33,671 [WARN] DbBoards:128 - board NUCLEO-H743ZI2 has no document id list !
2564-04-01 12:59:33,671 [WARN] DbBoards:128 - board NUCLEO-L4A6ZG has no document id list !
2564-04-01 12:59:33,671 [WARN] DbBoards:128 - board NUCLEO-WB55RG has no document id list !
2564-04-01 12:59:33,672 [WARN] DbBoards:128 - board NUCLEO-WL55JC1 has no document id list !
2564-04-01 12:59:33,672 [WARN] DbBoards:128 - board NUCLEO-WL55JC2 has no document id list !
2564-04-01 12:59:33,672 [WARN] DbBoards:128 - board P-NUCLEO-WB55-Nucleo has no document id list !
2564-04-01 12:59:33,672 [WARN] DbBoards:128 - board P-NUCLEO-WB55-USBDongle has no document id list !
2564-04-01 12:59:33,672 [WARN] DbBoards:128 - board STEVAL-BFA001V1B has no document id list !
2564-04-01 12:59:33,672 [WARN] DbBoards:128 - board STEVAL-BFA001V2B has no document id list !
2564-04-01 12:59:33,672 [WARN] DbBoards:128 - board STEVAL-IDP005V1 has no document id list !
2564-04-01 12:59:33,672 [WARN] DbBoards:128 - board STEVAL-IDP005V2 has no document id list !
2564-04-01 12:59:33,672 [WARN] DbBoards:128 - board STEVAL-MKSBOX1V1 has no document id list !
2564-04-01 12:59:33,672 [WARN] DbBoards:128 - board STEVAL-STWINKT1 has no document id list !
2564-04-01 12:59:33,672 [WARN] DbBoards:128 - board STM32F401C-DISCO has no document id list !
2564-04-01 12:59:33,673 [WARN] DbBoards:128 - board STM32F769I-DISC1 has no document id list !
2564-04-01 12:59:33,673 [WARN] DbBoards:128 - board STM32G0C1E-EV has no document id list !
2564-04-01 12:59:33,673 [WARN] DbBoards:128 - board STM32G474E-EVAL1 has no document id list !
2564-04-01 12:59:33,673 [WARN] DbBoards:128 - board STM32H743I-EVAL2 has no document id list !
2564-04-01 12:59:33,673 [WARN] DbBoards:128 - board STM32H747I-DISC1 has no document id list !
2564-04-01 12:59:33,674 [WARN] DbBoards:128 - board STM32H753I-EVAL2 has no document id list !
2564-04-01 12:59:33,674 [WARN] DbBoards:128 - board STM32L-DISCOVERY has no document id list !
2564-04-01 12:59:33,674 [WARN] DbBoards:128 - board STM32MP157A-DK1 has no document id list !
2564-04-01 12:59:33,674 [WARN] DbBoards:128 - board STM32MP157F-DK2 has no document id list !
2564-04-01 12:59:33,674 [WARN] DbBoards:128 - board STM32MP157F-EV1 has no document id list !
2564-04-01 12:59:34,899 [INFO] ApiDb:238 - Load user favorites file C:\Users\This's PC/.stm32cubeide/favorites.boards.txt: 1 item(s)
2564-04-01 12:59:34,899 [INFO] ApiDb:242 - User favorites Boards=[NUCLEO-F411RE]
2564-04-01 12:59:34,900 [INFO] DbBoards:207 - Set 1 / 1 favorites Boards
2564-04-01 12:59:37,000 [INFO] RetryExec:97 - I/O exception (org.apache.http.NoHttpResponseException) caught when processing request to {}->http://sw-center.st.com:80: The target server failed to respond
2564-04-01 12:59:37,000 [INFO] RetryExec:113 - Retrying request to {}->http://sw-center.st.com:80
2564-04-01 12:59:43,855 [INFO] MultiScanPanel:198 - Auto-refresh data requested => check proxy status ongoing
2564-04-01 12:59:43,898 [WARN] DetailPanel:347 - Failed to get advertising image, set to default
2564-04-01 12:59:43,915 [INFO] BoardFilterPanel:214 - Update 1 favorites Boards
2564-04-01 13:00:20,938 [INFO] MainUpdater:2644 - connection check result : 10
2564-04-01 13:00:20,939 [INFO] MainUpdater:2644 - connection check result : 10
2564-04-01 13:00:20,979 [INFO] MicroXplorer:385 - Change Database Path : 
2564-04-01 13:00:20,979 [INFO] MicroXplorer:415 - Change Database Version : DB.6.0.10
2564-04-01 13:00:20,979 [WARN] ThirdParty:783 - waiting for thirdparty lock release [close project]
2564-04-01 13:00:20,979 [INFO] ThirdParty:785 - entering critical section [close project]
2564-04-01 13:00:20,979 [INFO] ThirdParty:796 - exiting critical section [close project]
2564-04-01 13:00:20,982 [INFO] PinOutPanel:1434 - setPackage(No Configuration,No Configuration)
2564-04-01 13:00:20,983 [INFO] UtilMem:74 - Begin LoadConfig() Used Memory: 476564856 Bytes (756023296)
2564-04-01 13:00:20,984 [INFO] OpenFileManager:274 - Change cursor
2564-04-01 13:00:20,985 [WARN] ThirdParty:204 - Use empty third party IP manager
2564-04-01 13:00:21,000 [WARN] IntegrityCheckThread:59 - waiting for thirdparty lock release [integrity check]
2564-04-01 13:00:21,000 [INFO] IntegrityCheckThread:61 - entering critical section [integrity check]
2564-04-01 13:00:21,075 [WARN] ConditionMgr:437 - getConditionDescription Invalid condition id : SIGFOX STM32 LIB Condition cause : null
2564-04-01 13:00:21,076 [WARN] ConditionMgr:437 - getConditionDescription Invalid condition id : Sigfox Third Party LIB Condition cause : null
2564-04-01 13:00:21,078 [WARN] ConditionMgr:1040 - genDependencies : Invalid condition id : SIGFOX STM32 LIB Condition cause : null
2564-04-01 13:00:21,079 [WARN] ConditionMgr:1040 - genDependencies : Invalid condition id : Sigfox Third Party LIB Condition cause : null
2564-04-01 13:00:21,079 [WARN] ConditionMgr:1040 - genDependencies : Invalid condition id : Sigfox Third Party LIB Condition cause : null
2564-04-01 13:00:21,079 [WARN] ConditionMgr:1040 - genDependencies : Invalid condition id : SIGFOX STM32 LIB Condition cause : null
2564-04-01 13:00:21,080 [WARN] ConditionMgr:1040 - genDependencies : Invalid condition id : SIGFOX STM32 LIB Condition cause : null
2564-04-01 13:00:21,080 [WARN] ConditionMgr:1040 - genDependencies : Invalid condition id : Sigfox Third Party LIB Condition cause : null
2564-04-01 13:00:21,475 [INFO] ThirdParty:887 - Integrity check success = true
2564-04-01 13:00:21,476 [INFO] IntegrityCheckThread:75 - exiting critical section [integrity check]
2564-04-01 13:00:21,476 [INFO] IntegrityCheckThread:78 - End integrity checks thread
2564-04-01 13:00:22,797 [INFO] Rule:212 - rule GTZC_S instance for project manager is applicable
2564-04-01 13:00:22,798 [INFO] Rule:212 - rule GTZC_S instance for context M0+ is applicable
2564-04-01 13:00:22,798 [INFO] Rule:212 - rule GTZC_NS instance for context M4 is applicable
2564-04-01 13:00:22,798 [INFO] Rule:212 - rule GTZC_S instance value for IP GTZC is applicable
2564-04-01 13:00:22,798 [INFO] Rule:212 - rule GTZC_S instance for mcu is applicable
2564-04-01 13:00:22,798 [INFO] Rule:212 - rule GTZC_S instance for VP is applicable
2564-04-01 13:00:22,798 [INFO] Rule:212 - rule GTZC_S instance for signal is applicable
2564-04-01 13:00:22,798 [INFO] Rule:212 - rule SPDIFRX instance for mcu is applicable
2564-04-01 13:00:22,798 [INFO] Rule:212 - rule Rename Tracer Mode is applicable
2564-04-01 13:00:22,798 [INFO] Rule:212 - rule SPDIFRX instance value for IP SPDIFRX is applicable
2564-04-01 13:00:22,798 [INFO] Rule:212 - rule SPDIFRX instance for signal is applicable
2564-04-01 13:00:22,798 [INFO] Rule:212 - rule SPDIFRX instance for project manager is applicable
2564-04-01 13:00:22,798 [INFO] Rule:212 - rule SPDIFRX instance for project manager is applicable
2564-04-01 13:00:22,798 [INFO] Rule:212 - rule ADC Scan  fix with FW F7 is applicable
2564-04-01 13:00:22,798 [INFO] Rule:212 - rule ADC Scan  fix with FW F7 is applicable
2564-04-01 13:00:22,799 [INFO] Rule:212 - rule Add RTC Activate Clock Source is applicable
2564-04-01 13:00:22,799 [INFO] Rule:212 - rule Add RTC Activate Calendar 1 is applicable
2564-04-01 13:00:22,799 [INFO] Rule:212 - rule Add RTC Activate Calendar 2 is applicable
2564-04-01 13:00:22,799 [INFO] Rule:212 - rule Add RTC Activate Calendar 3 is applicable
2564-04-01 13:00:22,799 [INFO] Rule:212 - rule UART/USART TX Mode is applicable
2564-04-01 13:00:22,799 [INFO] Rule:212 - rule UART/USART RX Mode is applicable
2564-04-01 13:00:22,799 [INFO] Rule:212 - rule UART/USART RX TX Mode is applicable
2564-04-01 13:00:22,799 [INFO] Rule:212 - rule UART/USART PARITY NONE is applicable
2564-04-01 13:00:22,799 [INFO] Rule:212 - rule UART/USART PARITY EVEN is applicable
2564-04-01 13:00:22,799 [INFO] Rule:212 - rule UART/USART PARITY ODD is applicable
2564-04-01 13:00:22,799 [INFO] Rule:212 - rule USART StopBits 1 is applicable
2564-04-01 13:00:22,799 [INFO] Rule:212 - rule USART StopBits 2 is applicable
2564-04-01 13:00:22,799 [INFO] Rule:212 - rule USART StopBits 1.5 is applicable
2564-04-01 13:00:22,799 [INFO] Rule:212 - rule USART StopBits 0.5 is applicable
2564-04-01 13:00:22,799 [INFO] Rule:212 - rule UART/USART WORD LENGTH 7 is applicable
2564-04-01 13:00:22,799 [INFO] Rule:212 - rule UART/USART WORD LENGTH 8 is applicable
2564-04-01 13:00:22,800 [INFO] Rule:212 - rule UART/USART WORD LENGTH 9 is applicable
2564-04-01 13:00:22,800 [INFO] Rule:212 - rule Rename FMC NAND NCE signal is applicable
2564-04-01 13:00:22,800 [INFO] Rule:212 - rule Rename FMC NAND INT signal is applicable
2564-04-01 13:00:22,800 [INFO] Rule:212 - rule Change Default Value for ADC ExternalTrigConv L4 family is applicable
2564-04-01 13:00:22,800 [INFO] Rule:212 - rule Change Default Value for ADC ExternalTrigInjecConv L4 family is applicable
2564-04-01 13:00:22,800 [INFO] Rule:212 - rule Change Default Value for ADC ExternalTrigConv F3 family is applicable
2564-04-01 13:00:22,800 [INFO] Rule:212 - rule Change Default Value for ADC ExternalTrigInjecConv F3 family is applicable
2564-04-01 13:00:22,800 [INFO] Rule:212 - rule Change Default Value for ADC ExternalTrigConv Goldfish serie is applicable
2564-04-01 13:00:22,800 [INFO] Rule:212 - rule Change Default Value for ADC ExternalTrigInjecConv Goldfish serie is applicable
2564-04-01 13:00:22,800 [INFO] Rule:212 - rule Change Default Value for ADC ExternalTrigConv L0 family is applicable
2564-04-01 13:00:22,800 [INFO] Rule:212 - rule Change Default Value for ADC ExternalTrigConv F0 family is applicable
2564-04-01 13:00:22,800 [INFO] Rule:212 - rule Change Default Value for ADC ExternalTrigConvn L1 family is applicable
2564-04-01 13:00:22,800 [INFO] Rule:212 - rule Change Default Value for ADC ExternalTrigInjecConv L1 family is applicable
2564-04-01 13:00:22,800 [INFO] Rule:212 - rule Change Default Value for ADC ExternalTrigConv F1 family is applicable
2564-04-01 13:00:22,800 [INFO] Rule:212 - rule Change Default Value for ADC ExternalTrigInjecConv F1 family is applicable
2564-04-01 13:00:22,800 [INFO] Rule:212 - rule Change Default Value for ADC ExternalTrigConv F7 family is applicable
2564-04-01 13:00:22,800 [INFO] Rule:212 - rule Change Default Value for ADC ExternalTrigInjecConv F7 family is applicable
2564-04-01 13:00:22,801 [INFO] Rule:212 - rule Change Default Value for ADC ExternalTrigConv F4 and F2 family is applicable
2564-04-01 13:00:22,801 [INFO] Rule:212 - rule Change Default Value for ADC ExternalTrigInjecConv F4 and F2 family is applicable
2564-04-01 13:00:22,801 [INFO] Rule:212 - rule ADC SamplingTime fix with FW L0  is applicable
2564-04-01 13:00:22,801 [INFO] Rule:212 - rule ADC SamplingTime fix with FW L0  is applicable
2564-04-01 13:00:22,801 [INFO] Rule:212 - rule ADC SamplingTime fix with FW L0 is applicable
2564-04-01 13:00:22,801 [INFO] Rule:212 - rule ADC SamplingTime fix with FW L0 is applicable
2564-04-01 13:00:22,801 [INFO] Rule:212 - rule ADC SamplingTime fix with FW L0  is applicable
2564-04-01 13:00:22,801 [INFO] Rule:212 - rule ADC SamplingTime fix with FW L0 is applicable
2564-04-01 13:00:22,801 [INFO] Rule:212 - rule Rename USB_OE Signal is applicable
2564-04-01 13:00:22,801 [INFO] Rule:212 - rule Rename Activate_OE Mode is applicable
2564-04-01 13:00:22,801 [INFO] Rule:212 - rule Rename DIE462/DIE415 pin PC14/OSC32_IN -> PC14-OSC32_IN (PC14) is applicable
2564-04-01 13:00:22,801 [INFO] Rule:212 - rule Rename DIE462/DIE415 pin PC15/OSC32_OUT -> PC15-OSC32_OUT (PC15) is applicable
2564-04-01 13:00:22,801 [INFO] Rule:212 - rule Rename DIE462/DIE415 pin PH0/OSC_IN -> PH0-OSC_IN (PH0) is applicable
2564-04-01 13:00:22,801 [INFO] Rule:212 - rule Rename DIE462/DIE415 pin PH1/OSC_OUT -> PH1-OSC_OUT (PH1) is applicable
2564-04-01 13:00:22,801 [INFO] Rule:212 - rule Rename DIE462 pin PA13 -> PA13 (JTMS/SWDIO) is applicable
2564-04-01 13:00:22,801 [INFO] Rule:212 - rule Rename DIE415 pin PA13 -> PA13 (JTMS/SWDIO) is applicable
2564-04-01 13:00:22,802 [INFO] Rule:212 - rule Rename DIE462 pin PA14 -> PA14 (JTCK/SWCLK) is applicable
2564-04-01 13:00:22,802 [INFO] Rule:212 - rule Rename DIE415 pin PA14 -> PA14 (JTCK/SWCLK) is applicable
2564-04-01 13:00:22,802 [INFO] Rule:212 - rule Rename DIE462/DIE415 pin PA15 -> PA15 (JTDI) is applicable
2564-04-01 13:00:22,802 [INFO] Rule:212 - rule Rename DIE462 pin PB3 -> PB3 (JTD0/TRACESWO) is applicable
2564-04-01 13:00:22,802 [INFO] Rule:212 - rule Rename DIE415 pin PB3 -> PB3 (JTD0-TRACESWO) is applicable
2564-04-01 13:00:22,802 [INFO] Rule:212 - rule Rename DIE462/DIE415 pin PB4 -> PB4 (NJTRST) is applicable
2564-04-01 13:00:22,802 [INFO] Rule:212 - rule Rename DIE462 pin PH3/BOOT0 -> PH3-BOOT0 (BOOT0) is applicable
2564-04-01 13:00:22,802 [INFO] Rule:212 - rule Rename CRYP DataEncryptionTypesList to Algorithm is applicable
2564-04-01 13:00:22,802 [INFO] Rule:212 - rule Rename AES DataEncryptionTypesList to Algorithm is applicable
2564-04-01 13:00:22,802 [INFO] Rule:212 - rule Rename TDESECB to CRYP_TDES_ECB is applicable
2564-04-01 13:00:22,802 [INFO] Rule:212 - rule Rename TDESCBC to CRYP_TDES_CBC is applicable
2564-04-01 13:00:22,802 [INFO] Rule:212 - rule Rename DESECB to CRYP_DES_ECB is applicable
2564-04-01 13:00:22,802 [INFO] Rule:212 - rule Rename DESCBC to CRYP_DES_CBC is applicable
2564-04-01 13:00:22,802 [INFO] Rule:212 - rule Rename AESECB to CRYP_AES_ECB is applicable
2564-04-01 13:00:22,802 [INFO] Rule:212 - rule Rename AESCBC to CRYP_AES_CBC is applicable
2564-04-01 13:00:22,802 [INFO] Rule:212 - rule Rename AESCTR to CRYP_AES_CTR is applicable
2564-04-01 13:00:22,802 [INFO] Rule:212 - rule Rename AESGCM to CRYP_AES_GCM is applicable
2564-04-01 13:00:22,803 [INFO] Rule:212 - rule Rename AESCCM to CRYP_AES_CCM is applicable
2564-04-01 13:00:22,803 [INFO] Rule:212 - rule Rename CAN TimeSeg1 to BS1 is applicable
2564-04-01 13:00:22,803 [INFO] Rule:212 - rule Rename CAN TimeSeg2 to BS2 is applicable
2564-04-01 13:00:22,803 [INFO] Rule:212 - rule Rename CAN SyncJumpWidth to SJW is applicable
2564-04-01 13:00:22,803 [INFO] Rule:212 - rule TimeTriggeredMode to TTCM is applicable
2564-04-01 13:00:22,803 [INFO] Rule:212 - rule Rename CAN AutoBusOff to ABOM is applicable
2564-04-01 13:00:22,803 [INFO] Rule:212 - rule Rename CAN AutoWakeUp to AWUM is applicable
2564-04-01 13:00:22,803 [INFO] Rule:212 - rule Rename CAN AutoRetransmission to NART is applicable
2564-04-01 13:00:22,803 [INFO] Rule:212 - rule Rename CAN ReceiveFifoLocked to RFLM is applicable
2564-04-01 13:00:22,803 [INFO] Rule:212 - rule Rename CAN TransmitFifoPriority to TXFP is applicable
2564-04-01 13:00:22,803 [INFO] Rule:212 - rule Rename HRTIMER HRTIM_OUTPUTFAULTLEVEL_HIGH in HRTIMER HRTIM_OUTPUTFAULTLEVEL_HIGHZ is applicable
2564-04-01 13:00:22,803 [INFO] Rule:212 - rule Rename TIMER TIM_CLEARINPUTSOURCE_OCREFCLR in  TIMER TIM_CLEARINPUTSOURCE_NONE for F7 family is applicable
2564-04-01 13:00:22,803 [INFO] Rule:212 - rule FDCAN_R1 - Rename FDCAN mode Master into Classic is applicable
2564-04-01 13:00:22,803 [INFO] Rule:212 - rule FDCAN_R2 - Rename FDCAN mode Slave into Classic is applicable
2564-04-01 13:00:22,803 [INFO] Rule:212 - rule FDCAN1_R3 - if PA10.Mode=FullDuplex, add Pin PA12 is applicable
2564-04-01 13:00:22,803 [INFO] Rule:212 - rule FDCAN1_R3 - if PA9.Mode=FullDuplex, add Pin PA11 is applicable
2564-04-01 13:00:22,803 [INFO] Rule:212 - rule FDCAN1_R3 - Alternatepin_1 - if PE1.Mode=FullDuplex, add Pin PB9 is applicable
2564-04-01 13:00:22,803 [INFO] Rule:212 - rule FDCAN1_R3 - Alternatepin_1 - if PE0.Mode=FullDuplex, add Pin PB8 is applicable
2564-04-01 13:00:22,804 [INFO] Rule:212 - rule FDCAN1_R3 - Alternatepin_2 - if PD5.Mode=FullDuplex, add Pin PD1 is applicable
2564-04-01 13:00:22,804 [INFO] Rule:212 - rule FDCAN1_R3 - Alternatepin_2 - if PD4.Mode=FullDuplex, add Pin PD0 is applicable
2564-04-01 13:00:22,804 [INFO] Rule:212 - rule FDCAN1_R4 - Rename Mode FullDuplex into Enable FDCAN_TXFD for pin PA10 is applicable
2564-04-01 13:00:22,804 [INFO] Rule:212 - rule FDCAN1_R4 - Rename Mode FullDuplex into Enable FDCAN_TXFD for pin PA9 is applicable
2564-04-01 13:00:22,804 [INFO] Rule:212 - rule FDCAN1_R4 - Alternatepin_1 - Rename Mode FullDuplex into Enable FDCAN_TXFD for pin PE1 is applicable
2564-04-01 13:00:22,804 [INFO] Rule:212 - rule FDCAN1_R4 - Alternatepin_1 - Rename Mode FullDuplex into Enable FDCAN_TXFD for pin PE0 is applicable
2564-04-01 13:00:22,804 [INFO] Rule:212 - rule FDCAN1_R4 - Alternatepin_2 - Rename Mode FullDuplex into Enable FDCAN_TXFD for pin PD5 is applicable
2564-04-01 13:00:22,804 [INFO] Rule:212 - rule FDCAN1_R4 - Alternatepin_2 - Rename Mode FullDuplex into Enable FDCAN_TXFD for pin PD4 is applicable
2564-04-01 13:00:22,804 [INFO] Rule:212 - rule FDCAN2_R3 - if PD10.Mode=FullDuplex, add Pin PB13 is applicable
2564-04-01 13:00:22,804 [INFO] Rule:212 - rule FDCAN2_R3 - if PD9.Mode=FullDuplex, add Pin PB12 is applicable
2564-04-01 13:00:22,804 [INFO] Rule:212 - rule FDCAN2_R3 - Alternatepin_1 - if PB7.Mode=FullDuplex, add Pin PB6 is applicable
2564-04-01 13:00:22,804 [INFO] Rule:212 - rule FDCAN2_R3 - Alternatepin_1 - if PD9.Mode=FullDuplex, add Pin PB12 is applicable
2564-04-01 13:00:22,804 [INFO] Rule:212 - rule FDCAN2_R4 - Rename Mode FullDuplex into Enable FDCAN_TXFD for pin PD10 is applicable
2564-04-01 13:00:22,804 [INFO] Rule:212 - rule FDCAN2_R4 - Rename Mode FullDuplex into Enable FDCAN_TXFD for pin PD9 is applicable
2564-04-01 13:00:22,804 [INFO] Rule:212 - rule FDCAN2_R4 - Alternatepin_1 - Rename Mode FullDuplex into Enable FDCAN_TXFD for pin PB7 is applicable
2564-04-01 13:00:22,804 [INFO] Rule:212 - rule FDCAN2_R4 - Alternatepin_1 - Rename Mode FullDuplex into Enable FDCAN_TXFD for pin PD6 is applicable
2564-04-01 13:00:22,805 [INFO] Rule:212 - rule USART TxPinLevelInvertParam Mode is applicable
2564-04-01 13:00:22,805 [INFO] Rule:212 - rule USART RxPinLevelInvertParam Mode is applicable
2564-04-01 13:00:22,805 [INFO] Rule:212 - rule USART DataInvertParam Mode is applicable
2564-04-01 13:00:22,805 [INFO] Rule:212 - rule USART SwapParam Mode is applicable
2564-04-01 13:00:22,805 [INFO] Rule:212 - rule USART OverrunDisableParam Mode is applicable
2564-04-01 13:00:22,805 [INFO] Rule:212 - rule USART DMADisableonRxErrorParam Mode is applicable
2564-04-01 13:00:22,805 [INFO] Rule:212 - rule USART MSBFirstParam Mode is applicable
2564-04-01 13:00:22,805 [INFO] Rule:212 - rule Update MwName for USB_DEVICE is applicable
2564-04-01 13:00:22,805 [INFO] Rule:212 - rule Change PWR_Regulator_Voltage_Scale Default Value for RCC  H7 family is applicable
2564-04-01 13:00:22,805 [INFO] Rule:212 - rule UART/USART IPParameter rename Prescaler parameter to ClockPrescaler is applicable
2564-04-01 13:00:22,805 [INFO] Rule:212 - rule UART/USART Prescaler rename Prescaler parameter to ClockPrescaler is applicable
2564-04-01 13:00:22,805 [INFO] Rule:212 - rule TIM1CLockSelection is applicable
2564-04-01 13:00:22,805 [INFO] Rule:212 - rule TIM15CLockSelection is applicable
2564-04-01 13:00:22,805 [INFO] Rule:212 - rule align RCC SDMMC3CLockSelection default value on MP1 is applicable
2564-04-01 13:00:22,805 [INFO] Rule:212 - rule align RCC SDMMC12CLockSelection default value on MP1 is applicable
2564-04-01 13:00:22,805 [INFO] Rule:212 - rule align RCC QSPICLockSelection default value on MP1 is applicable
2564-04-01 13:00:22,805 [INFO] Rule:212 - rule align RCC QSPICLockSelection default value on MP1 is applicable
2564-04-01 13:00:22,805 [INFO] Rule:212 - rule align RCC SPI6CLockSelection default value on MP1 is applicable
2564-04-01 13:00:22,806 [INFO] Rule:212 - rule align RCC LPTIM23CLockSelection default value on MP1 is applicable
2564-04-01 13:00:22,806 [INFO] Rule:212 - rule align RCC LPTIM1CLockSelection default value on MP1 is applicable
2564-04-01 13:00:22,806 [INFO] Rule:212 - rule align RCC USART1CLockSelection default value on MP1 is applicable
2564-04-01 13:00:22,806 [INFO] Rule:212 - rule align RCC USART24CLockSelection default value on MP1 is applicable
2564-04-01 13:00:22,806 [INFO] Rule:212 - rule align RCC USART6CLockSelection default value on MP1 is applicable
2564-04-01 13:00:22,806 [INFO] Rule:212 - rule align RCC UART78CLockSelection default value on MP1 is applicable
2564-04-01 13:00:22,806 [INFO] Rule:212 - rule align RCC USART35CLockSelection default value on MP1 is applicable
2564-04-01 13:00:22,806 [INFO] Rule:212 - rule align RCC SPI45CLockSelection default value on MP1 is applicable
2564-04-01 13:00:22,806 [INFO] Rule:212 - rule align RCC I2C46CLockSelection BCLK value on MP1 is applicable
2564-04-01 13:00:22,806 [INFO] Rule:212 - rule align RCC SPI45CLockSelection default value on MP1 is applicable
2564-04-01 13:00:22,806 [INFO] Rule:212 - rule align RCC I2C12CLockSelection default value on MP1 is applicable
2564-04-01 13:00:22,806 [INFO] Rule:212 - rule align RCC I2C35CLockSelection default value on MP1 is applicable
2564-04-01 13:00:22,806 [INFO] Rule:212 - rule align RCC LPTIM45CLockSelection default value on MP1 is applicable
2564-04-01 13:00:22,806 [INFO] Rule:212 - rule Rename DCMI PIXCK signal is applicable
2564-04-01 13:00:22,806 [INFO] Rule:212 - rule Change Default Value for I2C46CLockSelection MP1 family is applicable
2564-04-01 13:00:22,806 [INFO] Rule:212 - rule Change Default Value for UART for G4, G0 and WB families is applicable
2564-04-01 13:00:22,806 [INFO] Rule:212 - rule Change Default Value for USART for G4, G0 and WB families is applicable
2564-04-01 13:00:22,806 [INFO] Rule:212 - rule Change Default Value for USART for G4 family is applicable
2564-04-01 13:00:22,807 [INFO] Rule:212 - rule Change USART1CLockSelection refparam name for MP1 is applicable
2564-04-01 13:00:22,807 [INFO] Rule:212 - rule Change USART2CLockSelection refparam name for MP1 is applicable
2564-04-01 13:00:22,807 [INFO] Rule:212 - rule Change USART3CLockSelection refparam name for MP1 is applicable
2564-04-01 13:00:22,807 [INFO] Rule:212 - rule Change UART4CLockSelection refparam name for MP1 is applicable
2564-04-01 13:00:22,807 [INFO] Rule:212 - rule Change UART5CLockSelection refparam name for MP1 is applicable
2564-04-01 13:00:22,807 [INFO] Rule:212 - rule Change LPUART1CLockSelection refparam name for MP1 is applicable
2564-04-01 13:00:22,807 [INFO] Rule:212 - rule Change LPTIM1CLockSelection refparam name for MP1 is applicable
2564-04-01 13:00:22,807 [INFO] Rule:212 - rule Change LPTIM2CLockSelection refparam name for MP1 is applicable
2564-04-01 13:00:22,807 [INFO] Rule:212 - rule Change RCC_MCO1Source refparam name for MP1 is applicable
2564-04-01 13:00:22,807 [INFO] Rule:212 - rule Change LSCOSource1 refparam name for MP1 is applicable
2564-04-01 13:00:22,807 [INFO] Rule:212 - rule Change SMPSCLockSelection refparam name for MP1 is applicable
2564-04-01 13:00:22,807 [INFO] Rule:212 - rule Change LPTIM3CLockSelection refparam name for MP1 is applicable
2564-04-01 13:00:22,807 [INFO] Rule:212 - rule Change MPCBB* Default Template Mode to Parameters is applicable
2564-04-01 13:00:22,807 [INFO] Rule:212 - rule Change MPCWM* or MPCBB* Secure Mode to Parameters is applicable
2564-04-01 13:00:22,807 [INFO] Rule:212 - rule Change MPCWM* or MPCBB* No Secure Mode to Parameters is applicable
2564-04-01 13:00:22,807 [INFO] Rule:212 - rule Change TZSC IP Secure Mode to Parameters is applicable
2564-04-01 13:00:22,807 [INFO] Rule:212 - rule Change TZSC IP No Secure Mode to Parameters is applicable
2564-04-01 13:00:22,807 [INFO] Rule:212 - rule Change TZSC IP Privilege Mode to Parameters is applicable
2564-04-01 13:00:22,808 [INFO] Rule:212 - rule Change TZSC IP No Privilege Mode to Parameters is applicable
2564-04-01 13:00:22,808 [INFO] Rule:212 - rule Change TZIC IT Secure Mode to Parameters is applicable
2564-04-01 13:00:22,808 [INFO] Rule:212 - rule Change TZIC IT No Secure Mode to Parameters is applicable
2564-04-01 13:00:22,808 [INFO] Rule:212 - rule Add MPCBB1_NonSecureArea_Start_Address value with referenced to MPCBB1_NonSecureArea_Start value is applicable
2564-04-01 13:00:22,808 [INFO] Rule:212 - rule Add MPCBB2_NonSecureArea_Start_Address value with referenced to MPCBB2_NonSecureArea_Start value is applicable
2564-04-01 13:00:22,808 [INFO] Rule:212 - rule Add MPCWM1_NonSecureArea*_Start_Address value with referenced to MPCWM1_NonSecureArea*_Start value is applicable
2564-04-01 13:00:22,808 [INFO] Rule:212 - rule Add MPCWM2_NonSecureArea*_Start_Address value with referenced to MPCWM2_NonSecureArea*_Start value is applicable
2564-04-01 13:00:22,808 [INFO] Rule:212 - rule Add MPCWM3_NonSecureArea_Start_Address value with referenced to MPCWM3_NonSecureArea_Start value is applicable
2564-04-01 13:00:22,808 [INFO] Rule:212 - rule Change Default Value for PLL1UserDefinedConfig is applicable
2564-04-01 13:00:22,808 [INFO] Rule:212 - rule Change GPIO_PuPd Default Value for USART in async mode is applicable
2564-04-01 13:00:22,808 [INFO] Rule:212 - rule Change SMPSDivider Default Value is applicable
2564-04-01 13:00:22,808 [INFO] Rule:212 - rule OPAMP is applicable
2564-04-01 13:00:22,808 [INFO] Rule:212 - rule LPUART IPParameter rename Prescaler parameter to ClockPrescaler for STM32H7 is applicable
2564-04-01 13:00:22,808 [INFO] Rule:212 - rule LPUART IPParameter rename Prescaler parameter to ClockPrescaler for STM32H7 is applicable
2564-04-01 13:00:22,808 [INFO] Rule:212 - rule LPUART IPParameter rename Prescaler parameter to ClockPrescaler for STM32WB is applicable
2564-04-01 13:00:22,808 [INFO] Rule:212 - rule LPUART IPParameter rename Prescaler parameter to ClockPrescaler for STM32WB is applicable
2564-04-01 13:00:22,808 [INFO] Rule:212 - rule LPUART IPParameter rename Prescaler parameter to ClockPrescaler for STM32G4 is applicable
2564-04-01 13:00:22,808 [INFO] Rule:212 - rule LPUART IPParameter rename Prescaler parameter to ClockPrescaler for STM32G4 is applicable
2564-04-01 13:00:22,808 [INFO] Rule:212 - rule LPUART IPParameter rename Prescaler parameter to ClockPrescaler for STM32L5 is applicable
2564-04-01 13:00:22,809 [INFO] Rule:212 - rule LPUART IPParameter rename Prescaler parameter to ClockPrescaler for STM32G4 is applicable
2564-04-01 13:00:22,809 [INFO] Rule:212 - rule LPUART IPParameter rename Prescaler parameter to ClockPrescaler for STM32G4 is applicable
2564-04-01 13:00:22,809 [INFO] Rule:212 - rule USB device lib V2.5.3 for L0 rename USBD_SUPPORT_USER_STRING parameter to USBD_SUPPORT_USER_STRING_DESC4 is applicable
2564-04-01 13:00:22,809 [INFO] Rule:212 - rule I2SCLockSelection clock entry align is applicable
2564-04-01 13:00:22,809 [INFO] Rule:212 - rule Assign TIMx context if used as SYS timebase is applicable
2564-04-01 13:00:22,816 [INFO] DbConfProperties:294 - Apply Compatibility (46/193 Rules)
2564-04-01 13:00:22,837 [INFO] ImportTextPane:162 - (OptionalMessage_ERROR) Unable to find key (Mcu.ThirdPartyNb) in loaded IOC file
2564-04-01 13:00:22,885 [WARN] ApiManager:294 - Cannot register API 'Board Extension:S2868A1' from pack STMicroelectronics.X-CUBE-SFXS2LP1.3.0.0: no header file found
2564-04-01 13:00:22,885 [WARN] ApiManager:294 - Cannot register API 'Board Extension:S2868A2' from pack STMicroelectronics.X-CUBE-SFXS2LP1.3.0.0: no header file found
2564-04-01 13:00:22,885 [WARN] ApiManager:294 - Cannot register API 'Board Extension:S2915A1' from pack STMicroelectronics.X-CUBE-SFXS2LP1.3.0.0: no header file found
2564-04-01 13:00:22,889 [WARN] ApiManager:294 - Cannot register API 'Board Extension:S2868A1' from pack STMicroelectronics.X-CUBE-SUBG2.3.0.1: no header file found
2564-04-01 13:00:22,890 [WARN] ApiManager:294 - Cannot register API 'Board Extension:S2868A2' from pack STMicroelectronics.X-CUBE-SUBG2.3.0.1: no header file found
2564-04-01 13:00:22,890 [WARN] ApiManager:294 - Cannot register API 'Board Extension:S2915A1' from pack STMicroelectronics.X-CUBE-SUBG2.3.0.1: no header file found
2564-04-01 13:00:22,894 [WARN] ModelIntegratedComponent:51 - No mode defined for component null
2564-04-01 13:00:22,894 [WARN] ModelIntegratedComponent:51 - No mode defined for component null
2564-04-01 13:00:22,894 [WARN] ModelIntegratedComponent:51 - No mode defined for component null
2564-04-01 13:00:22,894 [WARN] ModelIntegratedComponent:51 - No mode defined for component null
2564-04-01 13:00:22,894 [WARN] ModelIntegratedComponent:51 - No mode defined for component null
2564-04-01 13:00:22,894 [WARN] ModelIntegratedComponent:51 - No mode defined for component null
2564-04-01 13:00:22,895 [WARN] ModelIntegratedComponent:51 - No mode defined for component null
2564-04-01 13:00:22,895 [WARN] ModelIntegratedComponent:51 - No mode defined for component null
2564-04-01 13:00:22,895 [WARN] ModelIntegratedComponent:51 - No mode defined for component null
2564-04-01 13:00:22,895 [WARN] ModelIntegratedComponent:51 - No mode defined for component null
2564-04-01 13:00:22,895 [WARN] ModelIntegratedComponent:51 - No mode defined for component null
2564-04-01 13:00:22,895 [WARN] ModelIntegratedComponent:51 - No mode defined for component null
2564-04-01 13:00:22,895 [WARN] ModelIntegratedComponent:51 - No mode defined for component null
2564-04-01 13:00:22,895 [WARN] ModelIntegratedComponent:51 - No mode defined for component null
2564-04-01 13:00:22,895 [WARN] ModelIntegratedComponent:51 - No mode defined for component null
2564-04-01 13:00:22,895 [WARN] ModelIntegratedComponent:51 - No mode defined for component null
2564-04-01 13:00:22,895 [WARN] ModelIntegratedComponent:51 - No mode defined for component null
2564-04-01 13:00:22,895 [WARN] ModelIntegratedComponent:51 - No mode defined for component null
2564-04-01 13:00:22,895 [WARN] ModelIntegratedComponent:51 - No mode defined for component null
2564-04-01 13:00:22,896 [WARN] ModelIntegratedComponent:51 - No mode defined for component null
2564-04-01 13:00:22,896 [WARN] ModelIntegratedComponent:51 - No mode defined for component null
2564-04-01 13:00:22,896 [WARN] ModelIntegratedComponent:51 - No mode defined for component null
2564-04-01 13:00:22,896 [WARN] ModelIntegratedComponent:51 - No mode defined for component null
2564-04-01 13:00:22,896 [WARN] ModelIntegratedComponent:51 - No mode defined for component null
2564-04-01 13:00:22,896 [WARN] ModelIntegratedComponent:51 - No mode defined for component null
2564-04-01 13:00:22,896 [WARN] ModelIntegratedComponent:51 - No mode defined for component null
2564-04-01 13:00:22,896 [WARN] ModelIntegratedComponent:51 - No mode defined for component null
2564-04-01 13:00:22,896 [WARN] ModelIntegratedComponent:51 - No mode defined for component null
2564-04-01 13:00:22,896 [WARN] ModelIntegratedComponent:51 - No mode defined for component null
2564-04-01 13:00:22,896 [WARN] ModelIntegratedComponent:51 - No mode defined for component null
2564-04-01 13:00:22,897 [WARN] ModelIntegratedComponent:51 - No mode defined for component null
2564-04-01 13:00:22,897 [WARN] ModelIntegratedComponent:51 - No mode defined for component null
2564-04-01 13:00:22,897 [WARN] ModelIntegratedComponent:51 - No mode defined for component null
2564-04-01 13:00:22,897 [WARN] ModelIntegratedComponent:51 - No mode defined for component null
2564-04-01 13:00:22,897 [WARN] ModelIntegratedComponent:51 - No mode defined for component null
2564-04-01 13:00:22,897 [WARN] ModelIntegratedComponent:51 - No mode defined for component null
2564-04-01 13:00:22,897 [WARN] ModelIntegratedComponent:51 - No mode defined for component null
2564-04-01 13:00:22,897 [WARN] ModelIntegratedComponent:51 - No mode defined for component null
2564-04-01 13:00:22,900 [WARN] ApiManager:294 - Cannot register API 'Board Extension:S2868A1' from pack STMicroelectronics.X-CUBE-SFXS2LP1.2.0.0: no header file found
2564-04-01 13:00:22,900 [WARN] ApiManager:294 - Cannot register API 'Board Extension:S2868A2' from pack STMicroelectronics.X-CUBE-SFXS2LP1.2.0.0: no header file found
2564-04-01 13:00:22,900 [WARN] ApiManager:294 - Cannot register API 'Board Extension:S2915A1' from pack STMicroelectronics.X-CUBE-SFXS2LP1.2.0.0: no header file found
2564-04-01 13:00:22,903 [WARN] ApiManager:294 - Cannot register API 'Board Extension:S2868A1' from pack STMicroelectronics.X-CUBE-SUBG2.4.0.0: no header file found
2564-04-01 13:00:22,904 [WARN] ApiManager:294 - Cannot register API 'Board Extension:S2868A2' from pack STMicroelectronics.X-CUBE-SUBG2.4.0.0: no header file found
2564-04-01 13:00:22,904 [WARN] ApiManager:294 - Cannot register API 'Board Extension:S2915A1' from pack STMicroelectronics.X-CUBE-SUBG2.4.0.0: no header file found
2564-04-01 13:00:22,949 [WARN] ApiManager:294 - Cannot register API 'Board Extension:IKS01A3' from pack STMicroelectronics.X-CUBE-MEMS1.8.2.0: no header file found
2564-04-01 13:00:22,949 [WARN] ApiManager:294 - Cannot register API 'Board Extension:IKS01A2' from pack STMicroelectronics.X-CUBE-MEMS1.8.2.0: no header file found
2564-04-01 13:00:22,949 [WARN] ApiManager:294 - Cannot register API 'Board Extension:IKS02A1' from pack STMicroelectronics.X-CUBE-MEMS1.8.2.0: no header file found
2564-04-01 13:00:23,002 [WARN] ApiManager:294 - Cannot register API 'Board Extension:IKS01A3' from pack STMicroelectronics.X-CUBE-MEMS1.8.3.0: no header file found
2564-04-01 13:00:23,002 [WARN] ApiManager:294 - Cannot register API 'Board Extension:IKS01A2' from pack STMicroelectronics.X-CUBE-MEMS1.8.3.0: no header file found
2564-04-01 13:00:23,002 [WARN] ApiManager:294 - Cannot register API 'Board Extension:IKS02A1' from pack STMicroelectronics.X-CUBE-MEMS1.8.3.0: no header file found
2564-04-01 13:00:23,006 [WARN] ApiManager:294 - Cannot register API 'Board Extension:EEPRMA1' from pack STMicroelectronics.X-CUBE-EEPRMA1.3.0.0: no header file found
2564-04-01 13:00:23,006 [WARN] ApiManager:294 - Cannot register API 'Board Extension:EEPRMA2' from pack STMicroelectronics.X-CUBE-EEPRMA1.3.0.0: no header file found
2564-04-01 13:00:23,008 [INFO] RtosManager:464 - Registered RTOS mode: class=CMSIS, group=RTOS, mode=CMSIS_V1, owner=FREERTOS
2564-04-01 13:00:23,008 [INFO] RtosManager:464 - Registered RTOS mode: class=CMSIS, group=RTOS2, mode=CMSIS_V2, owner=FREERTOS
2564-04-01 13:00:23,008 [INFO] RtosManager:464 - Registered RTOS mode: class=RTOS, group=Core, mode=CMSIS_V1, owner=FREERTOS
2564-04-01 13:00:23,008 [INFO] RtosManager:464 - Registered RTOS mode: class=RTOS, group=Core, mode=CMSIS_V2, owner=FREERTOS
2564-04-01 13:00:23,008 [WARN] ModelIntegratedComponent:182 - Missing modes for component STMicroelectronics:FreeRTOS:0.0.1:STMicroelectronics:RTOS:FreeRTOS:Core:::10.2.0:
2564-04-01 13:00:23,008 [WARN] ModelIntegratedComponent:180 - Modes not found for component STMicroelectronics:USB_DEVICE:1.0.0:STMicroelectronics:USB::USB Device:Audio HS::1.0:USB_DEVICE_1_0_RESTRICTED_HS
2564-04-01 13:00:23,009 [WARN] ModelIntegratedComponent:186 - Modes not found for component STMicroelectronics:USB_DEVICE:1.0.0:STMicroelectronics:USB::USB Device:Audio HS::1.0:USB_DEVICE_1_0_RESTRICTED_HS
2564-04-01 13:00:23,009 [WARN] ModelIntegratedComponent:180 - Modes not found for component STMicroelectronics:USB_DEVICE:1.0.0:STMicroelectronics:USB::USB Device:CDC HS::1.0:USB_DEVICE_1_0_RESTRICTED_HS
2564-04-01 13:00:23,009 [WARN] ModelIntegratedComponent:186 - Modes not found for component STMicroelectronics:USB_DEVICE:1.0.0:STMicroelectronics:USB::USB Device:CDC HS::1.0:USB_DEVICE_1_0_RESTRICTED_HS
2564-04-01 13:00:23,009 [WARN] ModelIntegratedComponent:180 - Modes not found for component STMicroelectronics:USB_DEVICE:1.0.0:STMicroelectronics:USB::USB Device:DFU HS::1.0:USB_DEVICE_1_0_RESTRICTED_HS
2564-04-01 13:00:23,009 [WARN] ModelIntegratedComponent:186 - Modes not found for component STMicroelectronics:USB_DEVICE:1.0.0:STMicroelectronics:USB::USB Device:DFU HS::1.0:USB_DEVICE_1_0_RESTRICTED_HS
2564-04-01 13:00:23,009 [WARN] ModelIntegratedComponent:180 - Modes not found for component STMicroelectronics:USB_DEVICE:1.0.0:STMicroelectronics:USB::USB Device:HID HS::1.0:USB_DEVICE_1_0_RESTRICTED_HS
2564-04-01 13:00:23,009 [WARN] ModelIntegratedComponent:186 - Modes not found for component STMicroelectronics:USB_DEVICE:1.0.0:STMicroelectronics:USB::USB Device:HID HS::1.0:USB_DEVICE_1_0_RESTRICTED_HS
2564-04-01 13:00:23,009 [WARN] ModelIntegratedComponent:180 - Modes not found for component STMicroelectronics:USB_DEVICE:1.0.0:STMicroelectronics:USB::USB Device:Custom HID HS::1.0:USB_DEVICE_1_0_RESTRICTED_HS
2564-04-01 13:00:23,009 [WARN] ModelIntegratedComponent:186 - Modes not found for component STMicroelectronics:USB_DEVICE:1.0.0:STMicroelectronics:USB::USB Device:Custom HID HS::1.0:USB_DEVICE_1_0_RESTRICTED_HS
2564-04-01 13:00:23,009 [WARN] ModelIntegratedComponent:180 - Modes not found for component STMicroelectronics:USB_DEVICE:1.0.0:STMicroelectronics:USB::USB Device:MSC HS::1.0:USB_DEVICE_1_0_RESTRICTED_HS
2564-04-01 13:00:23,009 [WARN] ModelIntegratedComponent:186 - Modes not found for component STMicroelectronics:USB_DEVICE:1.0.0:STMicroelectronics:USB::USB Device:MSC HS::1.0:USB_DEVICE_1_0_RESTRICTED_HS
2564-04-01 13:00:23,010 [WARN] ApiManager:294 - Cannot register API 'Board Extension:GNSS1A1' from pack STMicroelectronics.X-CUBE-GNSS1.5.1.0: no header file found
2564-04-01 13:00:23,011 [WARN] ApiManager:294 - Cannot register API 'Board Support:Custom' from pack STMicroelectronics.X-CUBE-GNSS1.5.1.0: no header file found
2564-04-01 13:00:23,011 [WARN] ApiManager:294 - Cannot register API 'Data Exchange:lib_gnss' from pack STMicroelectronics.X-CUBE-GNSS1.5.1.0: no header file found
2564-04-01 13:00:23,011 [WARN] ApiManager:294 - Cannot register API 'Board Extension:GNSS1A1' from pack STMicroelectronics.X-CUBE-GNSS1.5.2.0: no header file found
2564-04-01 13:00:23,011 [WARN] ApiManager:294 - Cannot register API 'Board Support:Custom' from pack STMicroelectronics.X-CUBE-GNSS1.5.2.0: no header file found
2564-04-01 13:00:23,011 [WARN] ApiManager:294 - Cannot register API 'Data Exchange:lib_gnss' from pack STMicroelectronics.X-CUBE-GNSS1.5.2.0: no header file found
2564-04-01 13:00:23,012 [WARN] ApiManager:294 - Cannot register API 'Wireless:BlueNRG-MS' from pack STMicroelectronics.X-CUBE-BLE1.6.1.0: no header file found
2564-04-01 13:00:23,012 [WARN] ModelIntegratedComponent:180 - Modes not found for component STMicroelectronics:USB_HOST:1.0.0:STMicroelectronics:USB::USB Host:Audio HS::1.0:USB_HOST_1_0_RESTRICTED_HS
2564-04-01 13:00:23,013 [WARN] ModelIntegratedComponent:186 - Modes not found for component STMicroelectronics:USB_HOST:1.0.0:STMicroelectronics:USB::USB Host:Audio HS::1.0:USB_HOST_1_0_RESTRICTED_HS
2564-04-01 13:00:23,013 [WARN] ModelIntegratedComponent:180 - Modes not found for component STMicroelectronics:USB_HOST:1.0.0:STMicroelectronics:USB::USB Host:CDC HS::1.0:USB_HOST_1_0_RESTRICTED_HS
2564-04-01 13:00:23,013 [WARN] ModelIntegratedComponent:186 - Modes not found for component STMicroelectronics:USB_HOST:1.0.0:STMicroelectronics:USB::USB Host:CDC HS::1.0:USB_HOST_1_0_RESTRICTED_HS
2564-04-01 13:00:23,013 [WARN] ModelIntegratedComponent:180 - Modes not found for component STMicroelectronics:USB_HOST:1.0.0:STMicroelectronics:USB::USB Host:MSC HS::1.0:USB_HOST_1_0_RESTRICTED_HS
2564-04-01 13:00:23,013 [WARN] ModelIntegratedComponent:186 - Modes not found for component STMicroelectronics:USB_HOST:1.0.0:STMicroelectronics:USB::USB Host:MSC HS::1.0:USB_HOST_1_0_RESTRICTED_HS
2564-04-01 13:00:23,013 [WARN] ModelIntegratedComponent:180 - Modes not found for component STMicroelectronics:USB_HOST:1.0.0:STMicroelectronics:USB::USB Host:HID HS::1.0:USB_HOST_1_0_RESTRICTED_HS
2564-04-01 13:00:23,013 [WARN] ModelIntegratedComponent:186 - Modes not found for component STMicroelectronics:USB_HOST:1.0.0:STMicroelectronics:USB::USB Host:HID HS::1.0:USB_HOST_1_0_RESTRICTED_HS
2564-04-01 13:00:23,013 [WARN] ModelIntegratedComponent:180 - Modes not found for component STMicroelectronics:USB_HOST:1.0.0:STMicroelectronics:USB::USB Host:MTP HS::1.0:USB_HOST_1_0_RESTRICTED_HS
2564-04-01 13:00:23,013 [WARN] ModelIntegratedComponent:186 - Modes not found for component STMicroelectronics:USB_HOST:1.0.0:STMicroelectronics:USB::USB Host:MTP HS::1.0:USB_HOST_1_0_RESTRICTED_HS
2564-04-01 13:00:23,014 [WARN] ApiManager:294 - Cannot register API 'Board Extension:NFC04A1' from pack STMicroelectronics.X-CUBE-NFC4.2.0.2: no header file found
2564-04-01 13:00:23,014 [WARN] ApiManager:294 - Cannot register API 'Board Extension:NFC04A1' from pack STMicroelectronics.X-CUBE-NFC4.2.0.1: no header file found
2564-04-01 13:00:23,016 [WARN] ApiManager:294 - Cannot register API 'Wireless:BlueNRG-2' from pack STMicroelectronics.X-CUBE-BLE2.3.1.0: no header file found
2564-04-01 13:00:23,016 [WARN] ApiManager:294 - Cannot register API 'Wireless:BlueNRG-2' from pack STMicroelectronics.X-CUBE-BLE2.3.2.0: no header file found
2564-04-01 13:00:23,372 [INFO] ImportTextPane:162 - (OptionalMessage_ERROR) IP (RCC) : Parameter (48MHZClocksFreq_Value) has invalid value (84000000)
2564-04-01 13:00:23,373 [INFO] ImportTextPane:162 - (OptionalMessage_ERROR) IP (RCC) : Parameter (FLatency) has Id (AdvancedSettings) currently not set
2564-04-01 13:00:23,374 [INFO] ImportTextPane:162 - (OptionalMessage_ERROR) IP (RCC) : Parameter (RTCHSEDivFreq_Value) has invalid value (4000000)
2564-04-01 13:00:23,526 [INFO] UtilMem:74 - End LoadConfig() Used Memory: 618487352 Bytes (756023296)
2564-04-01 13:00:23,535 [WARN] ThirdParty:749 - waiting for thirdparty lock release [change project]
2564-04-01 13:00:23,535 [INFO] ThirdParty:751 - entering critical section [change project]
2564-04-01 13:00:23,535 [INFO] ThirdParty:939 - CMSIS Pack Vendor :RoweBots I-CUBE-UNISONRTOS 5.5.0-4
2564-04-01 13:00:23,535 [INFO] ThirdParty:939 - CMSIS Pack Vendor :STMicroelectronics X-CUBE-SFXS2LP1 3.0.0
2564-04-01 13:00:23,535 [INFO] ThirdParty:939 - CMSIS Pack Vendor :STMicroelectronics USB_HOST 2.0.0
2564-04-01 13:00:23,535 [INFO] ThirdParty:939 - CMSIS Pack Vendor :STMicroelectronics X-CUBE-SUBG2 3.0.1
2564-04-01 13:00:23,535 [INFO] ThirdParty:939 - CMSIS Pack Vendor :STMicroelectronics USB_DEVICE 3.0.0
2564-04-01 13:00:23,535 [INFO] ThirdParty:939 - CMSIS Pack Vendor :STMicroelectronics HAL Drivers 0.0.0
2564-04-01 13:00:23,535 [INFO] ThirdParty:939 - CMSIS Pack Vendor :STMicroelectronics MBEDTLS 2.16.2
2564-04-01 13:00:23,535 [INFO] ThirdParty:939 - CMSIS Pack Vendor :STMicroelectronics X-CUBE-SFXS2LP1 2.0.0
2564-04-01 13:00:23,535 [INFO] ThirdParty:939 - CMSIS Pack Vendor :STMicroelectronics MBEDTLS 2.14.1
2564-04-01 13:00:23,535 [INFO] ThirdParty:939 - CMSIS Pack Vendor :STMicroelectronics X-CUBE-SUBG2 4.0.0
2564-04-01 13:00:23,535 [INFO] ThirdParty:939 - CMSIS Pack Vendor :STMicroelectronics X-CUBE-TOF1 1.0.0
2564-04-01 13:00:23,535 [INFO] ThirdParty:939 - CMSIS Pack Vendor :STMicroelectronics X-CUBE-AZRTOS-H7 1.0.0
2564-04-01 13:00:23,536 [INFO] ThirdParty:939 - CMSIS Pack Vendor :STMicroelectronics USB_DEVICE 2.0.0
2564-04-01 13:00:23,536 [INFO] ThirdParty:939 - CMSIS Pack Vendor :STMicroelectronics X-CUBE-MEMS1 8.2.0
2564-04-01 13:00:23,536 [INFO] ThirdParty:939 - CMSIS Pack Vendor :STMicroelectronics X-CUBE-MEMS1 8.3.0
2564-04-01 13:00:23,536 [INFO] ThirdParty:939 - CMSIS Pack Vendor :STMicroelectronics X-CUBE-EEPRMA1 3.0.0
2564-04-01 13:00:23,536 [INFO] ThirdParty:939 - CMSIS Pack Vendor :STMicroelectronics X-CUBE-DISPLAY 1.0.0
2564-04-01 13:00:23,536 [INFO] ThirdParty:939 - CMSIS Pack Vendor :STMicroelectronics FreeRTOS 0.0.1
2564-04-01 13:00:23,536 [INFO] ThirdParty:939 - CMSIS Pack Vendor :STMicroelectronics USB_DEVICE 1.0.0
2564-04-01 13:00:23,536 [INFO] ThirdParty:939 - CMSIS Pack Vendor :STMicroelectronics X-CUBE-AI 6.0.0
2564-04-01 13:00:23,536 [INFO] ThirdParty:939 - CMSIS Pack Vendor :STMicroelectronics X-CUBE-ALGOBUILD 1.1.0
2564-04-01 13:00:23,536 [INFO] ThirdParty:939 - CMSIS Pack Vendor :STMicroelectronics X-CUBE-ALGOBUILD 1.2.0
2564-04-01 13:00:23,536 [INFO] ThirdParty:939 - CMSIS Pack Vendor :STMicroelectronics X-CUBE-GNSS1 5.1.0
2564-04-01 13:00:23,536 [INFO] ThirdParty:939 - CMSIS Pack Vendor :STMicroelectronics X-CUBE-GNSS1 5.2.0
2564-04-01 13:00:23,536 [INFO] ThirdParty:939 - CMSIS Pack Vendor :STMicroelectronics X-CUBE-BLE1 6.1.0
2564-04-01 13:00:23,536 [INFO] ThirdParty:939 - CMSIS Pack Vendor :STMicroelectronics lwIP 2.0.3
2564-04-01 13:00:23,536 [INFO] ThirdParty:939 - CMSIS Pack Vendor :STMicroelectronics lwIP 2.1.2
2564-04-01 13:00:23,536 [INFO] ThirdParty:939 - CMSIS Pack Vendor :STMicroelectronics USB_HOST 1.0.0
2564-04-01 13:00:23,536 [INFO] ThirdParty:939 - CMSIS Pack Vendor :STMicroelectronics X-CUBE-NFC4 2.0.2
2564-04-01 13:00:23,536 [INFO] ThirdParty:939 - CMSIS Pack Vendor :STMicroelectronics X-CUBE-NFC4 2.0.1
2564-04-01 13:00:23,537 [INFO] ThirdParty:939 - CMSIS Pack Vendor :wolfSSL I-CUBE-wolfSSL 4.7.0
2564-04-01 13:00:23,537 [INFO] ThirdParty:939 - CMSIS Pack Vendor :STMicroelectronics X-CUBE-TOUCHGFX 4.16.1
2564-04-01 13:00:23,537 [INFO] ThirdParty:939 - CMSIS Pack Vendor :STMicroelectronics X-CUBE-AI 5.2.0
2564-04-01 13:00:23,537 [INFO] ThirdParty:939 - CMSIS Pack Vendor :STMicroelectronics PDM2PCM 3.1.0
2564-04-01 13:00:23,537 [INFO] ThirdParty:939 - CMSIS Pack Vendor :STMicroelectronics X-CUBE-TOUCHGFX 4.16.0
2564-04-01 13:00:23,537 [INFO] ThirdParty:939 - CMSIS Pack Vendor :STMicroelectronics PDM2PCM 3.2.0
2564-04-01 13:00:23,537 [INFO] ThirdParty:939 - CMSIS Pack Vendor :STMicroelectronics X-CUBE-BLE2 3.1.0
2564-04-01 13:00:23,537 [INFO] ThirdParty:939 - CMSIS Pack Vendor :STMicroelectronics PDM2PCM 3.3.0
2564-04-01 13:00:23,537 [INFO] ThirdParty:939 - CMSIS Pack Vendor :STMicroelectronics X-CUBE-BLE2 3.2.0
2564-04-01 13:00:23,537 [INFO] ThirdParty:757 - exiting critical section [change project]
2564-04-01 13:00:23,708 [INFO] PinOutPanel:1434 - setPackage(No Configuration,No Configuration)
2564-04-01 13:00:23,709 [INFO] PinOutPanel:1434 - setPackage(STM32F411RETx,LQFP64)
2564-04-01 13:00:24,060 [INFO] UtilMem:74 - Before build in PCC Used Memory: 361556664 Bytes (756023296)
2564-04-01 13:00:24,481 [INFO] SharedServices:72 - Folder for power plug-in: C:/Users/This's PC/.stm32cubemx/plugins/power
2564-04-01 13:00:24,520 [INFO] SharedServices:72 - Folder for power plug-in: C:/Users/This's PC/.stm32cubemx/plugins/power
2564-04-01 13:00:24,552 [INFO] SharedServices:72 - Folder for power plug-in: C:/Users/This's PC/.stm32cubemx/plugins/power
2564-04-01 13:00:24,556 [INFO] SharedServices:72 - Folder for power plug-in: C:/Users/This's PC/.stm32cubemx/plugins/power
2564-04-01 13:00:24,695 [INFO] UtilMem:74 - After build in PCC Used Memory: 415034040 Bytes (756023296)
2564-04-01 13:00:24,711 [INFO] IPUIPlugin:64 - create IPUIPlugin
2564-04-01 13:00:24,711 [INFO] IPUIPlugin:64 - create IPUIPlugin
2564-04-01 13:00:24,711 [INFO] IPUIPlugin:64 - create IPUIPlugin
2564-04-01 13:00:24,711 [INFO] IPUIPlugin:64 - create IPUIPlugin
2564-04-01 13:00:24,711 [INFO] IPUIPlugin:64 - create IPUIPlugin
2564-04-01 13:00:24,711 [INFO] IPUIPlugin:64 - create IPUIPlugin
2564-04-01 13:00:24,711 [INFO] IPUIPlugin:64 - create IPUIPlugin
2564-04-01 13:00:24,711 [INFO] IPUIPlugin:64 - create IPUIPlugin
2564-04-01 13:00:24,712 [INFO] IPUIPlugin:64 - create IPUIPlugin
2564-04-01 13:00:24,712 [INFO] IPUIPlugin:64 - create IPUIPlugin
2564-04-01 13:00:24,712 [INFO] IPUIPlugin:64 - create IPUIPlugin
2564-04-01 13:00:24,712 [INFO] IPUIPlugin:64 - create IPUIPlugin
2564-04-01 13:00:24,712 [INFO] IPUIPlugin:64 - create IPUIPlugin
2564-04-01 13:00:24,712 [INFO] IPUIPlugin:64 - create IPUIPlugin
2564-04-01 13:00:24,712 [INFO] IPUIPlugin:64 - create IPUIPlugin
2564-04-01 13:00:24,713 [INFO] IPUIPlugin:64 - create IPUIPlugin
2564-04-01 13:00:24,713 [INFO] IPUIPlugin:64 - create IPUIPlugin
2564-04-01 13:00:24,713 [INFO] IPUIPlugin:64 - create IPUIPlugin
2564-04-01 13:00:24,713 [INFO] IPUIPlugin:64 - create IPUIPlugin
2564-04-01 13:00:24,713 [INFO] IPUIPlugin:64 - create IPUIPlugin
2564-04-01 13:00:24,714 [INFO] IPUIPlugin:64 - create IPUIPlugin
2564-04-01 13:00:24,714 [INFO] IPUIPlugin:64 - create IPUIPlugin
2564-04-01 13:00:24,714 [INFO] IPUIPlugin:64 - create IPUIPlugin
2564-04-01 13:00:24,714 [INFO] IPUIPlugin:64 - create IPUIPlugin
2564-04-01 13:00:24,714 [INFO] IPUIPlugin:64 - create IPUIPlugin
2564-04-01 13:00:24,715 [INFO] IPUIPlugin:64 - create IPUIPlugin
2564-04-01 13:00:24,715 [INFO] IPUIPlugin:64 - create IPUIPlugin
2564-04-01 13:00:24,715 [INFO] IPUIPlugin:64 - create IPUIPlugin
2564-04-01 13:00:24,715 [INFO] IPUIPlugin:64 - create IPUIPlugin
2564-04-01 13:00:24,716 [INFO] IPUIPlugin:64 - create IPUIPlugin
2564-04-01 13:00:24,716 [INFO] IPUIPlugin:64 - create IPUIPlugin
2564-04-01 13:00:24,716 [INFO] IPUIPlugin:64 - create IPUIPlugin
2564-04-01 13:00:24,716 [INFO] IPUIPlugin:64 - create IPUIPlugin
2564-04-01 13:00:24,717 [INFO] IPUIPlugin:64 - create IPUIPlugin
2564-04-01 13:00:24,717 [INFO] IPUIPlugin:64 - create IPUIPlugin
2564-04-01 13:00:24,717 [INFO] IPUIPlugin:64 - create IPUIPlugin
2564-04-01 13:00:24,717 [INFO] IPUIPlugin:64 - create IPUIPlugin
2564-04-01 13:00:24,718 [INFO] IPUIPlugin:64 - create IPUIPlugin
2564-04-01 13:00:24,718 [INFO] IPUIPlugin:64 - create IPUIPlugin
2564-04-01 13:00:24,719 [INFO] IPUIPlugin:64 - create IPUIPlugin
2564-04-01 13:00:24,719 [INFO] IPUIPlugin:64 - create IPUIPlugin
2564-04-01 13:00:24,720 [INFO] IPUIPlugin:64 - create IPUIPlugin
2564-04-01 13:00:24,721 [INFO] IPUIPlugin:64 - create IPUIPlugin
2564-04-01 13:00:24,779 [INFO] ApiDbMcu:456 - Load IP Config File for PDM2PCM
2564-04-01 13:00:24,809 [INFO] LogOutputStream:76 - [STDOUT_REDIRECT] toolchainItems.length=====1
2564-04-01 13:00:24,894 [INFO] OpenFileManager:294 - Restore cursor
2564-04-01 13:00:25,136 [INFO] UtilMem:74 - End SaveConfig() Used Memory: 477948600 Bytes (756023296)
2564-04-01 13:00:25,201 [INFO] UtilMem:74 - End SaveConfig() Used Memory: 484762304 Bytes (756023296)
2564-04-01 13:00:25,520 [INFO] BlockDiagram:2735 - set Specific Code input for plugin: NVIC
2564-04-01 13:00:25,520 [INFO] BlockDiagram:2735 - set Specific Code input for plugin: USART
2564-04-01 13:00:25,520 [INFO] BlockDiagram:2735 - set Specific Code input for plugin: SYS
2564-04-01 13:00:25,521 [INFO] BlockDiagram:2735 - set Specific Code input for plugin: GPIO
2564-04-01 13:00:25,521 [INFO] BlockDiagram:2735 - set Specific Code input for plugin: RCC
2564-04-01 13:00:25,522 [INFO] CodeGenerator:639 - code generatio: config db path: C:\ST\STM32CubeIDE_1.5.1\STM32CubeIDE\plugins\com.st.stm32cube.common.mx_6.1.1.202012091304\\db\
2564-04-01 13:00:25,966 [INFO] CodeEngine:229 - oldGeneratedFile, C:\Users\This's PC\Documents\GitHub\Week6\week6\week6\MXTmpFiles\license.tmp_save
2564-04-01 13:00:26,294 [INFO] CodeEngine:247 - Generated code: C:\Users\This's PC\Documents\GitHub\Week6\week6\week6\MXTmpFiles\license.tmp
2564-04-01 13:00:26,365 [INFO] CodeEngine:229 - oldGeneratedFile, C:\Users\This's PC\Documents\GitHub\Week6\week6\week6\MXTmpFiles\gpio.tmp_save
2564-04-01 13:00:26,436 [INFO] CodeEngine:247 - Generated code: C:\Users\This's PC\Documents\GitHub\Week6\week6\week6\MXTmpFiles\gpio.tmp
2564-04-01 13:00:26,501 [INFO] LogOutputStream:76 - [STDOUT_REDIRECT] Command line
2564-04-01 13:00:26,532 [INFO] CodeEngine:229 - oldGeneratedFile, C:\Users\This's PC\Documents\GitHub\Week6\week6\week6\Core\Src\stm32f4xx_it.c_save
2564-04-01 13:00:26,632 [INFO] CodeEngine:247 - Generated code: C:\Users\This's PC\Documents\GitHub\Week6\week6\week6\Core\Src\stm32f4xx_it.c
2564-04-01 13:00:26,641 [INFO] CodeEngine:229 - oldGeneratedFile, C:\Users\This's PC\Documents\GitHub\Week6\week6\week6\Core\Inc\stm32f4xx_it.h_save
2564-04-01 13:00:26,697 [INFO] CodeEngine:247 - Generated code: C:\Users\This's PC\Documents\GitHub\Week6\week6\week6\Core\Inc\stm32f4xx_it.h
2564-04-01 13:00:26,736 [INFO] CodeEngine:229 - oldGeneratedFile, C:\Users\This's PC\Documents\GitHub\Week6\week6\week6\Core\Src\stm32f4xx_hal_msp.c_save
2564-04-01 13:00:26,826 [INFO] CodeEngine:247 - Generated code: C:\Users\This's PC\Documents\GitHub\Week6\week6\week6\Core\Src\stm32f4xx_hal_msp.c
2564-04-01 13:00:26,835 [INFO] CodeEngine:229 - oldGeneratedFile, C:\Users\This's PC\Documents\GitHub\Week6\week6\week6\MXTmpFiles\system.tmp_save
2564-04-01 13:00:26,879 [INFO] CodeEngine:247 - Generated code: C:\Users\This's PC\Documents\GitHub\Week6\week6\week6\MXTmpFiles\system.tmp
2564-04-01 13:00:26,915 [INFO] CodeEngine:229 - oldGeneratedFile, C:\Users\This's PC\Documents\GitHub\Week6\week6\week6\Core\Inc\stm32f4xx_hal_conf.h_save
2564-04-01 13:00:27,009 [INFO] CodeEngine:247 - Generated code: C:\Users\This's PC\Documents\GitHub\Week6\week6\week6\Core\Inc\stm32f4xx_hal_conf.h
2564-04-01 13:00:27,070 [INFO] CodeEngine:229 - oldGeneratedFile, C:\Users\This's PC\Documents\GitHub\Week6\week6\week6\Core\Inc\main.h_save
2564-04-01 13:00:27,139 [INFO] CodeEngine:247 - Generated code: C:\Users\This's PC\Documents\GitHub\Week6\week6\week6\Core\Inc\main.h
2564-04-01 13:00:27,154 [INFO] CodeEngine:229 - oldGeneratedFile, C:\Users\This's PC\Documents\GitHub\Week6\week6\week6\Core\Src\main.c_save
2564-04-01 13:00:27,285 [INFO] CodeEngine:247 - Generated code: C:\Users\This's PC\Documents\GitHub\Week6\week6\week6\Core\Src\main.c
2564-04-01 13:00:28,223 [INFO] ProjectBuilder:2328 - Time for Copy HAL[1] : 441mS.
2564-04-01 13:00:28,229 [INFO] ProjectBuilder:3259 - Project Generator version: 3.11.2
2564-04-01 13:00:28,554 [INFO] ConfigFileManager:1238 - The Die is : DIE431
2564-04-01 13:00:28,572 [INFO] ApiDbMcu:456 - Load IP Config File for FATFS
2564-04-01 13:00:28,583 [INFO] ApiDbMcu:456 - Load IP Config File for FREERTOS
2564-04-01 13:00:28,591 [INFO] ApiDbMcu:456 - Load IP Config File for LIBJPEG
2564-04-01 13:00:28,603 [INFO] ApiDbMcu:456 - Load IP Config File for MBEDTLS
2564-04-01 13:00:28,620 [INFO] ApiDbMcu:456 - Load IP Config File for USB_DEVICE
2564-04-01 13:00:28,630 [INFO] ApiDbMcu:456 - Load IP Config File for USB_HOST
2564-04-01 13:00:33,472 [INFO] ProjectBuilder:3425 - Time for Generating toolchain IDE Files: 5243mS.
2564-04-01 13:00:33,473 [INFO] ProjectBuilder:2207 - Time for Copy CMSIS : 0mS.
2564-04-01 13:00:33,475 [INFO] ProjectBuilder:2207 - Time for Copy CMSIS : 0mS.
2564-04-01 13:00:35,337 [INFO] ApiDb:263 - Save user favorites file C:\Users\This's PC/.stm32cubeide/favorites.mcus.txt: 0 item(s)
2564-04-01 13:00:35,337 [INFO] ApiDb:267 - User favorites MCUs=[]
2564-04-01 13:00:35,338 [INFO] ApiDb:263 - Save user favorites file C:\Users\This's PC/.stm32cubeide/favorites.boards.txt: 1 item(s)
2564-04-01 13:00:35,339 [INFO] ApiDb:267 - User favorites Boards=[NUCLEO-F411RE]
2564-04-01 13:01:02,186 [INFO] ADCParametersView:97 -                Rank 1 : false
2564-04-01 13:01:02,270 [INFO] NvicIntPanel:90 - NVIC parent = com.st.microxplorer.plugins.ip.nvic.MultiNvicIntPanel[,0,0,0x0,invalid,layout=javax.swing.BoxLayout,alignmentX=0.0,alignmentY=0.0,border=,flags=9,maximumSize=,minimumSize=,preferredSize=]
2564-04-01 13:03:10,613 [INFO] ADCParametersView:97 -                Rank 1 : false
2564-04-01 13:03:10,613 [INFO] ADCParametersView:97 -                Rank 1 : false
2564-04-01 13:03:10,614 [INFO] ADCParametersView:97 -                Rank 1 : false
2564-04-01 13:03:10,614 [INFO] ADCParametersView:97 -                Rank 1 : false
2564-04-01 13:03:10,614 [INFO] ADCParametersView:97 -                Rank 1 : false
2564-04-01 13:03:10,614 [INFO] ADCParametersView:97 -                Rank 1 : false
2564-04-01 13:03:10,615 [INFO] ADCParametersView:97 -                Rank 1 : false
2564-04-01 13:03:10,615 [INFO] ADCParametersView:97 -                Rank 1 : false
2564-04-01 13:03:10,615 [INFO] ADCParametersView:97 -                Rank 1 : false
2564-04-01 13:03:10,615 [INFO] ADCParametersView:97 -                Rank 1 : false
2564-04-01 13:03:10,615 [INFO] ADCParametersView:97 -                Rank 1 : false
2564-04-01 13:03:10,615 [INFO] ADCParametersView:97 -                Rank 1 : false
2564-04-01 13:03:10,615 [INFO] ADCParametersView:97 -                Rank 1 : false
2564-04-01 13:03:10,616 [INFO] ADCParametersView:97 -                Rank 1 : false
2564-04-01 13:03:10,633 [INFO] ADCParametersView:97 -                Rank 1 : false
2564-04-01 13:03:10,667 [INFO] NvicIntPanel:90 - NVIC parent = com.st.microxplorer.plugins.ip.nvic.MultiNvicIntPanel[,0,0,0x0,invalid,layout=javax.swing.BoxLayout,alignmentX=0.0,alignmentY=0.0,border=,flags=9,maximumSize=,minimumSize=,preferredSize=]
2564-04-01 13:03:12,778 [INFO] ADCParametersView:97 -                Rank 1 : false
2564-04-01 13:03:12,779 [INFO] ADCParametersView:97 -                Rank 1 : false
2564-04-01 13:03:12,779 [INFO] ADCParametersView:97 -                Rank 1 : false
2564-04-01 13:03:12,779 [INFO] ADCParametersView:97 -                Rank 1 : false
2564-04-01 13:03:12,779 [INFO] ADCParametersView:97 -                Rank 1 : false
2564-04-01 13:03:12,779 [INFO] ADCParametersView:97 -                Rank 1 : false
2564-04-01 13:03:12,779 [INFO] ADCParametersView:97 -                Rank 1 : false
2564-04-01 13:03:12,779 [INFO] ADCParametersView:97 -                Rank 1 : false
2564-04-01 13:03:12,780 [INFO] ADCParametersView:97 -                Rank 1 : false
2564-04-01 13:03:12,780 [INFO] ADCParametersView:97 -                Rank 1 : false
2564-04-01 13:03:12,780 [INFO] ADCParametersView:97 -                Rank 1 : false
2564-04-01 13:03:12,780 [INFO] ADCParametersView:97 -                Rank 1 : false
2564-04-01 13:03:12,780 [INFO] ADCParametersView:97 -                Rank 1 : false
2564-04-01 13:03:12,780 [INFO] ADCParametersView:97 -                Rank 1 : false
2564-04-01 13:03:12,797 [INFO] ADCParametersView:97 -                Rank 1 : false
2564-04-01 13:04:25,268 [INFO] ADCParametersView:97 -                Rank 1 : false
2564-04-01 13:04:25,269 [INFO] ADCParametersView:97 -                Rank 1 : false
2564-04-01 13:04:25,269 [INFO] ADCParametersView:97 -                Rank 1 : false
2564-04-01 13:04:25,269 [INFO] ADCParametersView:97 -                Rank 1 : false
2564-04-01 13:04:25,269 [INFO] ADCParametersView:97 -                Rank 1 : false
2564-04-01 13:04:25,269 [INFO] ADCParametersView:97 -                Rank 1 : false
2564-04-01 13:04:25,270 [INFO] ADCParametersView:97 -                Rank 1 : false
2564-04-01 13:04:25,270 [INFO] ADCParametersView:97 -                Rank 1 : false
2564-04-01 13:04:25,270 [INFO] ADCParametersView:97 -                Rank 1 : false
2564-04-01 13:04:25,270 [INFO] ADCParametersView:97 -                Rank 1 : false
2564-04-01 13:04:25,270 [INFO] ADCParametersView:97 -                Rank 1 : false
2564-04-01 13:04:25,270 [INFO] ADCParametersView:97 -                Rank 1 : false
2564-04-01 13:04:25,270 [INFO] ADCParametersView:97 -                Rank 1 : false
2564-04-01 13:04:25,270 [INFO] ADCParametersView:97 -                Rank 1 : false
2564-04-01 13:04:25,287 [INFO] ADCParametersView:97 -                Rank 1 : false
2564-04-01 13:05:06,261 [INFO] ADCParametersView:97 -                Rank 1 : true
2564-04-01 13:05:11,313 [INFO] ADCParametersView:97 -                Rank 1 : true
2564-04-01 13:05:11,317 [INFO] ADCParametersView:97 -                Rank 1 : true
2564-04-01 13:05:11,317 [INFO] ADCParametersView:97 -                Rank 1 : true
2564-04-01 13:05:11,317 [INFO] ADCParametersView:97 -                Rank 1 : true
2564-04-01 13:05:11,317 [INFO] ADCParametersView:97 -                Rank 1 : true
2564-04-01 13:05:11,317 [INFO] ADCParametersView:97 -                Rank 1 : true
2564-04-01 13:05:11,318 [INFO] ADCParametersView:97 -                Rank 1 : true
2564-04-01 13:05:11,318 [INFO] ADCParametersView:97 -                Rank 1 : true
2564-04-01 13:05:11,318 [INFO] ADCParametersView:97 -                Rank 1 : true
2564-04-01 13:05:11,318 [INFO] ADCParametersView:97 -                Rank 1 : true
2564-04-01 13:05:11,318 [INFO] ADCParametersView:97 -                Rank 1 : true
2564-04-01 13:05:11,318 [INFO] ADCParametersView:97 -                Rank 1 : true
2564-04-01 13:05:11,318 [INFO] ADCParametersView:97 -                Rank 1 : true
2564-04-01 13:05:11,319 [INFO] ADCParametersView:97 -                Rank 1 : true
2564-04-01 13:05:11,339 [INFO] ADCParametersView:97 -                Rank 1 : true
2564-04-01 13:06:01,573 [INFO] ADCParametersView:97 -                Rank 1 : true
2564-04-01 13:06:01,577 [INFO] ADCParametersView:97 -                Rank 1 : true
2564-04-01 13:06:01,577 [INFO] ADCParametersView:97 -                Rank 1 : true
2564-04-01 13:06:01,577 [INFO] ADCParametersView:97 -                Rank 1 : true
2564-04-01 13:06:01,578 [INFO] ADCParametersView:97 -                Rank 1 : true
2564-04-01 13:06:01,578 [INFO] ADCParametersView:97 -                Rank 1 : true
2564-04-01 13:06:01,578 [INFO] ADCParametersView:97 -                Rank 1 : true
2564-04-01 13:06:01,578 [INFO] ADCParametersView:97 -                Rank 1 : true
2564-04-01 13:06:01,578 [INFO] ADCParametersView:97 -                Rank 1 : true
2564-04-01 13:06:01,578 [INFO] ADCParametersView:97 -                Rank 1 : true
2564-04-01 13:06:01,579 [INFO] ADCParametersView:97 -                Rank 1 : true
2564-04-01 13:06:01,579 [INFO] ADCParametersView:97 -                Rank 1 : true
2564-04-01 13:06:01,579 [INFO] ADCParametersView:97 -                Rank 1 : true
2564-04-01 13:06:01,579 [INFO] ADCParametersView:97 -                Rank 1 : true
2564-04-01 13:06:01,597 [INFO] ADCParametersView:97 -                Rank 1 : true
2564-04-01 13:08:31,120 [INFO] ADCParametersView:97 -                Rank 1 : true
2564-04-01 13:08:31,121 [INFO] ADCParametersView:97 -                Rank 1 : true
2564-04-01 13:08:31,121 [INFO] ADCParametersView:97 -                Rank 1 : true
2564-04-01 13:08:31,121 [INFO] ADCParametersView:97 -                Rank 1 : true
2564-04-01 13:08:31,122 [INFO] ADCParametersView:97 -                Rank 1 : true
2564-04-01 13:08:31,122 [INFO] ADCParametersView:97 -                Rank 1 : true
2564-04-01 13:08:31,122 [INFO] ADCParametersView:97 -                Rank 1 : true
2564-04-01 13:08:31,122 [INFO] ADCParametersView:97 -                Rank 1 : true
2564-04-01 13:08:31,122 [INFO] ADCParametersView:97 -                Rank 1 : true
2564-04-01 13:08:31,122 [INFO] ADCParametersView:97 -                Rank 1 : true
2564-04-01 13:08:31,122 [INFO] ADCParametersView:97 -                Rank 1 : true
2564-04-01 13:08:31,122 [INFO] ADCParametersView:97 -                Rank 1 : true
2564-04-01 13:08:31,122 [INFO] ADCParametersView:97 -                Rank 1 : true
2564-04-01 13:08:31,123 [INFO] ADCParametersView:97 -                Rank 1 : true
2564-04-01 13:08:31,141 [INFO] ADCParametersView:97 -                Rank 1 : true
2564-04-01 13:08:32,413 [INFO] NvicIntPanel:90 - NVIC parent = com.st.microxplorer.plugins.ip.nvic.MultiNvicIntPanel[,0,0,519x285,layout=javax.swing.BoxLayout,alignmentX=0.0,alignmentY=0.0,border=,flags=9,maximumSize=,minimumSize=,preferredSize=]
2564-04-01 13:08:45,399 [INFO] DbMcusDocs:145 - JSON generation date=Mon Feb 08 20:35:07 ICT 2021 (1612791307)
2564-04-01 13:08:45,499 [INFO] DbMcusDocs:81 - Found 617 MCUs documents
2564-04-01 13:09:27,618 [INFO] NvicIntPanel:90 - NVIC parent = com.st.microxplorer.plugins.ip.nvic.MultiNvicIntPanel[,0,0,519x285,layout=javax.swing.BoxLayout,alignmentX=0.0,alignmentY=0.0,border=,flags=9,maximumSize=,minimumSize=,preferredSize=]
2564-04-01 13:11:21,919 [INFO] ADCParametersView:97 -                Rank 1 : true
2564-04-01 13:11:21,920 [INFO] ADCParametersView:97 -                Rank 1 : true
2564-04-01 13:11:21,921 [INFO] ADCParametersView:97 -                Rank 1 : true
2564-04-01 13:11:21,921 [INFO] ADCParametersView:97 -                Rank 1 : true
2564-04-01 13:11:21,921 [INFO] ADCParametersView:97 -                Rank 1 : true
2564-04-01 13:11:21,921 [INFO] ADCParametersView:97 -                Rank 1 : true
2564-04-01 13:11:21,921 [INFO] ADCParametersView:97 -                Rank 1 : true
2564-04-01 13:11:21,921 [INFO] ADCParametersView:97 -                Rank 1 : true
2564-04-01 13:11:21,921 [INFO] ADCParametersView:97 -                Rank 1 : true
2564-04-01 13:11:21,922 [INFO] ADCParametersView:97 -                Rank 1 : true
2564-04-01 13:11:21,922 [INFO] ADCParametersView:97 -                Rank 1 : true
2564-04-01 13:11:21,922 [INFO] ADCParametersView:97 -                Rank 1 : true
2564-04-01 13:11:21,922 [INFO] ADCParametersView:97 -                Rank 1 : true
2564-04-01 13:11:21,922 [INFO] ADCParametersView:97 -                Rank 1 : true
2564-04-01 13:11:21,939 [INFO] ADCParametersView:97 -                Rank 1 : true
2564-04-01 13:11:21,971 [INFO] NvicIntPanel:90 - NVIC parent = com.st.microxplorer.plugins.ip.nvic.MultiNvicIntPanel[,0,0,0x0,invalid,layout=javax.swing.BoxLayout,alignmentX=0.0,alignmentY=0.0,border=,flags=9,maximumSize=,minimumSize=,preferredSize=]
2564-04-01 13:12:12,167 [INFO] NvicIntPanel:90 - NVIC parent = com.st.microxplorer.plugins.ip.nvic.MultiNvicIntPanel[,0,0,519x304,layout=javax.swing.BoxLayout,alignmentX=0.0,alignmentY=0.0,border=,flags=9,maximumSize=,minimumSize=,preferredSize=]
2564-04-01 13:15:20,068 [INFO] NvicIntPanel:90 - NVIC parent = com.st.microxplorer.plugins.ip.nvic.MultiNvicIntPanel[,0,0,0x0,invalid,layout=javax.swing.BoxLayout,alignmentX=0.0,alignmentY=0.0,border=,flags=9,maximumSize=,minimumSize=,preferredSize=]
2564-04-01 13:15:36,379 [INFO] NvicIntPanel:90 - NVIC parent = com.st.microxplorer.plugins.ip.nvic.MultiNvicIntPanel[,0,0,0x0,invalid,layout=javax.swing.BoxLayout,alignmentX=0.0,alignmentY=0.0,border=,flags=9,maximumSize=,minimumSize=,preferredSize=]
2564-04-01 13:25:03,787 [INFO] UtilMem:74 - End SaveConfig() Used Memory: 702690256 Bytes (871366656)
2564-04-01 13:25:06,639 [INFO] UtilMem:74 - End SaveConfig() Used Memory: 437922776 Bytes (871366656)
2564-04-01 13:25:06,845 [INFO] BlockDiagram:2735 - set Specific Code input for plugin: NVIC
2564-04-01 13:25:06,845 [INFO] BlockDiagram:2735 - set Specific Code input for plugin: USART
2564-04-01 13:25:06,845 [INFO] BlockDiagram:2735 - set Specific Code input for plugin: TIM1_8
2564-04-01 13:25:06,846 [INFO] BlockDiagram:2735 - set Specific Code input for plugin: TIM1_8
2564-04-01 13:25:06,846 [INFO] BlockDiagram:2735 - set Specific Code input for plugin: TIM1_8
2564-04-01 13:25:06,846 [INFO] BlockDiagram:2735 - set Specific Code input for plugin: SYS
2564-04-01 13:25:06,846 [INFO] BlockDiagram:2735 - set Specific Code input for plugin: GPIO
2564-04-01 13:25:06,846 [INFO] BlockDiagram:2735 - set Specific Code input for plugin: ADC
2564-04-01 13:25:06,846 [INFO] BlockDiagram:2735 - set Specific Code input for plugin: RCC
2564-04-01 13:25:06,847 [INFO] CodeGenerator:639 - code generatio: config db path: C:\ST\STM32CubeIDE_1.5.1\STM32CubeIDE\plugins\com.st.stm32cube.common.mx_6.1.1.202012091304\\db\
2564-04-01 13:25:07,051 [INFO] CodeEngine:229 - oldGeneratedFile, C:\Users\This's PC\Documents\GitHub\Week6\week6\week6\MXTmpFiles\license.tmp_save
2564-04-01 13:25:07,093 [INFO] CodeEngine:247 - Generated code: C:\Users\This's PC\Documents\GitHub\Week6\week6\week6\MXTmpFiles\license.tmp
2564-04-01 13:25:07,121 [INFO] CodeEngine:229 - oldGeneratedFile, C:\Users\This's PC\Documents\GitHub\Week6\week6\week6\MXTmpFiles\gpio.tmp_save
2564-04-01 13:25:07,189 [INFO] CodeEngine:247 - Generated code: C:\Users\This's PC\Documents\GitHub\Week6\week6\week6\MXTmpFiles\gpio.tmp
2564-04-01 13:25:07,296 [INFO] LogOutputStream:76 - [STDOUT_REDIRECT] Command line
2564-04-01 13:25:07,298 [INFO] LogOutputStream:76 - [STDOUT_REDIRECT] Command line
2564-04-01 13:25:07,299 [INFO] LogOutputStream:76 - [STDOUT_REDIRECT] Command line
2564-04-01 13:25:07,332 [INFO] CodeEngine:229 - oldGeneratedFile, C:\Users\This's PC\Documents\GitHub\Week6\week6\week6\Core\Src\stm32f4xx_it.c_save
2564-04-01 13:25:07,483 [INFO] CodeEngine:247 - Generated code: C:\Users\This's PC\Documents\GitHub\Week6\week6\week6\Core\Src\stm32f4xx_it.c
2564-04-01 13:25:07,492 [INFO] CodeEngine:229 - oldGeneratedFile, C:\Users\This's PC\Documents\GitHub\Week6\week6\week6\Core\Inc\stm32f4xx_it.h_save
2564-04-01 13:25:07,565 [INFO] CodeEngine:247 - Generated code: C:\Users\This's PC\Documents\GitHub\Week6\week6\week6\Core\Inc\stm32f4xx_it.h
2564-04-01 13:25:07,595 [INFO] CodeEngine:229 - oldGeneratedFile, C:\Users\This's PC\Documents\GitHub\Week6\week6\week6\Core\Src\stm32f4xx_hal_msp.c_save
2564-04-01 13:25:07,718 [INFO] CodeEngine:247 - Generated code: C:\Users\This's PC\Documents\GitHub\Week6\week6\week6\Core\Src\stm32f4xx_hal_msp.c
2564-04-01 13:25:07,722 [INFO] CodeEngine:229 - oldGeneratedFile, C:\Users\This's PC\Documents\GitHub\Week6\week6\week6\MXTmpFiles\system.tmp_save
2564-04-01 13:25:07,778 [INFO] CodeEngine:247 - Generated code: C:\Users\This's PC\Documents\GitHub\Week6\week6\week6\MXTmpFiles\system.tmp
2564-04-01 13:25:07,806 [INFO] CodeEngine:229 - oldGeneratedFile, C:\Users\This's PC\Documents\GitHub\Week6\week6\week6\Core\Inc\stm32f4xx_hal_conf.h_save
2564-04-01 13:25:07,872 [INFO] CodeEngine:247 - Generated code: C:\Users\This's PC\Documents\GitHub\Week6\week6\week6\Core\Inc\stm32f4xx_hal_conf.h
2564-04-01 13:25:07,891 [WARN] IPConfigManager:2967 - IP not found : TIM
2564-04-01 13:25:07,891 [WARN] CodeGenerator:3177 - IP not found : null
2564-04-01 13:25:07,920 [INFO] CodeEngine:229 - oldGeneratedFile, C:\Users\This's PC\Documents\GitHub\Week6\week6\week6\Core\Inc\main.h_save
2564-04-01 13:25:07,979 [INFO] CodeEngine:247 - Generated code: C:\Users\This's PC\Documents\GitHub\Week6\week6\week6\Core\Inc\main.h
2564-04-01 13:25:07,993 [INFO] CodeEngine:229 - oldGeneratedFile, C:\Users\This's PC\Documents\GitHub\Week6\week6\week6\Core\Src\main.c_save
2564-04-01 13:25:08,090 [INFO] CodeEngine:247 - Generated code: C:\Users\This's PC\Documents\GitHub\Week6\week6\week6\Core\Src\main.c
2564-04-01 13:25:08,658 [INFO] ProjectBuilder:2328 - Time for Copy HAL[1] : 107mS.
2564-04-01 13:25:08,661 [INFO] ProjectBuilder:3259 - Project Generator version: 3.11.2
2564-04-01 13:25:08,832 [INFO] ConfigFileManager:1238 - The Die is : DIE431
2564-04-01 13:25:10,391 [INFO] ProjectBuilder:3425 - Time for Generating toolchain IDE Files: 1730mS.
2564-04-01 13:25:10,392 [INFO] ProjectBuilder:2207 - Time for Copy CMSIS : 0mS.
2564-04-01 13:25:10,394 [INFO] ProjectBuilder:2207 - Time for Copy CMSIS : 0mS.
